SF:lib/utils/text_validator.dart
DA:4,11
DA:5,12
DA:8,3
DA:11,0
DA:13,3
DA:15,6
DA:17,3
DA:20,6
DA:24,1
DA:30,2
DA:31,4
DA:32,2
DA:34,2
DA:35,2
DA:42,3
DA:43,3
DA:44,1
DA:46,3
DA:47,1
DA:54,12
DA:56,12
DA:60,12
DA:63,4
DA:65,4
DA:66,4
DA:67,4
DA:68,4
DA:71,4
DA:74,12
DA:75,12
DA:76,8
DA:77,8
DA:78,8
DA:79,8
DA:84,1
DA:87,1
DA:88,4
DA:90,1
DA:91,0
DA:93,1
DA:94,3
DA:96,1
DA:97,3
DA:99,1
DA:100,3
DA:102,1
DA:103,3
DA:105,1
DA:108,3
DA:109,3
DA:110,3
DA:113,4
DA:114,4
DA:115,4
LF:54
LH:52
end_of_record
SF:lib/components/buttons/bloqo_filled_button.dart
DA:4,19
DA:22,19
DA:24,19
DA:25,68
DA:26,33
DA:27,11
DA:30,33
DA:31,44
DA:32,165
DA:34,19
DA:35,63
DA:38,8
DA:39,8
DA:41,16
DA:43,24
LF:15
LH:15
end_of_record
SF:lib/components/buttons/bloqo_text_button.dart
DA:5,11
DA:19,11
DA:21,11
DA:22,11
DA:23,22
DA:29,22
DA:31,11
DA:32,11
DA:33,11
DA:34,11
DA:35,11
DA:36,11
LF:12
LH:12
end_of_record
SF:lib/components/forms/bloqo_text_field.dart
DA:8,19
DA:44,19
DA:45,19
DA:52,19
DA:54,19
DA:55,56
DA:56,36
DA:57,40
DA:62,19
DA:64,38
DA:65,19
DA:68,19
DA:70,19
DA:71,19
DA:72,38
DA:73,19
DA:74,38
DA:75,19
DA:76,38
DA:77,19
DA:78,19
DA:79,38
DA:82,19
DA:84,19
DA:85,38
DA:86,38
DA:88,19
DA:89,38
DA:90,38
DA:91,19
DA:93,38
DA:94,57
DA:95,38
DA:96,76
DA:97,38
DA:107,57
DA:108,19
DA:109,57
DA:112,38
DA:113,18
DA:114,72
DA:116,38
DA:117,38
DA:118,38
DA:119,38
LF:45
LH:45
end_of_record
SF:lib/model/bloqo_notification_data.dart
DA:25,14
DA:38,10
DA:42,10
DA:44,10
DA:45,10
DA:46,10
DA:47,10
DA:48,10
DA:49,10
DA:50,10
DA:51,10
DA:52,10
DA:53,10
DA:54,10
DA:58,11
DA:59,11
DA:60,11
DA:61,11
DA:62,11
DA:63,11
DA:64,11
DA:65,11
DA:66,11
DA:67,11
DA:68,11
DA:69,11
DA:70,11
DA:74,10
DA:75,20
DA:77,2
DA:89,10
DA:91,10
DA:94,10
DA:95,10
DA:96,10
DA:97,10
DA:99,10
DA:100,19
DA:101,9
DA:102,9
DA:105,0
DA:106,0
DA:110,1
DA:117,1
DA:118,3
DA:119,3
DA:123,3
DA:126,0
DA:127,0
DA:131,1
DA:133,1
DA:134,2
DA:135,0
DA:136,0
DA:140,1
DA:142,1
DA:143,2
DA:144,4
DA:145,0
DA:146,0
LF:60
LH:52
end_of_record
SF:lib/model/bloqo_user_data.dart
DA:16,13
DA:27,10
DA:31,10
DA:33,10
DA:34,10
DA:35,10
DA:36,10
DA:37,10
DA:38,10
DA:39,10
DA:40,10
DA:41,10
DA:45,11
DA:46,11
DA:47,11
DA:48,11
DA:49,11
DA:50,11
DA:51,11
DA:52,11
DA:53,11
DA:54,11
DA:58,10
DA:59,20
DA:61,2
DA:67,1
DA:69,1
DA:70,1
DA:71,1
DA:72,2
DA:73,1
DA:74,1
DA:75,1
DA:76,2
DA:77,0
DA:78,0
DA:80,0
DA:83,0
DA:84,0
DA:88,9
DA:90,9
DA:91,18
DA:92,27
DA:94,0
DA:95,0
DA:99,1
DA:101,1
DA:102,2
DA:103,1
DA:104,1
DA:107,0
DA:108,0
DA:112,0
DA:114,0
DA:115,0
DA:116,0
DA:117,0
DA:118,0
DA:119,0
DA:120,0
DA:121,0
DA:122,0
DA:123,0
DA:124,0
DA:128,0
DA:130,0
DA:131,0
DA:132,0
DA:133,0
DA:134,0
DA:135,0
DA:136,0
DA:137,0
DA:138,0
DA:139,0
DA:140,0
DA:144,0
DA:151,0
DA:152,0
DA:153,0
DA:154,0
DA:155,0
DA:159,0
DA:161,0
DA:162,0
DA:167,1
DA:169,1
DA:170,2
DA:171,3
DA:177,0
DA:178,0
DA:182,4
DA:184,4
DA:185,8
DA:186,12
DA:188,0
DA:189,0
DA:193,0
DA:194,0
DA:195,0
DA:196,0
LF:101
LH:51
end_of_record
SF:lib/model/courses/bloqo_block_data.dart
DA:17,14
DA:26,3
DA:30,3
DA:31,3
DA:32,3
DA:33,3
DA:34,3
DA:35,3
DA:36,3
DA:37,3
DA:41,11
DA:42,11
DA:43,11
DA:44,11
DA:45,11
DA:46,11
DA:47,11
DA:48,11
DA:52,3
DA:53,6
DA:55,4
DA:71,1
DA:73,1
DA:74,1
DA:75,1
DA:76,1
DA:77,1
DA:78,1
DA:84,1
DA:86,1
DA:87,1
DA:88,1
DA:89,1
DA:95,0
DA:96,0
DA:99,0
DA:117,2
DA:118,4
DA:121,6
DA:128,1
DA:130,1
DA:131,0
DA:132,1
DA:133,1
DA:134,1
DA:135,1
DA:136,1
DA:137,1
DA:138,1
DA:139,1
DA:140,1
DA:141,1
DA:145,2
DA:147,2
DA:148,2
DA:149,1
DA:150,1
DA:151,1
DA:152,1
DA:156,1
DA:157,1
DA:158,2
DA:159,1
DA:161,2
DA:162,1
DA:164,1
DA:172,5
DA:175,2
DA:177,1
DA:178,1
DA:179,1
DA:189,1
DA:190,1
DA:191,2
DA:192,1
DA:194,2
DA:195,1
DA:197,1
DA:205,5
DA:208,2
DA:210,1
DA:211,1
DA:212,1
DA:222,1
DA:228,1
DA:229,1
DA:230,2
DA:231,2
DA:232,3
DA:233,1
DA:236,0
DA:237,0
DA:241,2
DA:248,2
DA:249,2
DA:250,2
DA:252,2
DA:255,2
DA:256,4
DA:258,0
DA:259,0
DA:263,1
DA:271,1
DA:272,2
DA:273,3
DA:274,1
DA:275,4
DA:277,2
DA:278,0
DA:279,0
DA:281,2
DA:282,0
DA:283,0
DA:285,2
DA:286,0
DA:287,0
DA:288,0
DA:292,0
DA:293,0
DA:297,0
DA:302,0
DA:303,0
DA:305,0
DA:306,0
DA:308,0
DA:309,0
DA:310,0
DA:311,0
DA:315,0
DA:316,0
DA:318,0
DA:319,0
DA:320,0
DA:322,0
DA:323,0
DA:327,1
DA:333,1
DA:334,3
DA:335,2
DA:336,4
DA:337,0
DA:338,0
DA:342,0
DA:349,0
DA:350,0
DA:351,0
DA:352,0
DA:353,0
DA:355,0
DA:356,0
DA:359,0
DA:361,0
DA:362,0
DA:366,0
DA:373,0
DA:374,0
DA:375,0
DA:376,0
DA:377,0
DA:379,0
DA:380,0
DA:383,0
DA:385,0
DA:386,0
DA:390,1
DA:397,1
DA:398,2
DA:399,2
DA:400,3
DA:401,3
DA:403,1
DA:404,1
DA:407,0
DA:409,0
DA:410,0
DA:414,1
DA:421,1
DA:422,2
DA:423,2
DA:424,3
DA:425,3
DA:427,1
DA:428,1
DA:431,0
DA:433,0
DA:434,0
DA:438,1
DA:445,1
DA:446,2
DA:447,2
DA:448,3
DA:449,3
DA:451,1
DA:452,1
DA:455,0
DA:457,0
DA:458,0
DA:462,0
DA:464,0
DA:465,0
DA:466,0
DA:467,0
LF:202
LH:131
end_of_record
SF:lib/model/courses/bloqo_chapter_data.dart
DA:17,15
DA:25,4
DA:29,4
DA:30,4
DA:31,4
DA:32,4
DA:33,4
DA:34,4
DA:35,4
DA:39,11
DA:40,11
DA:41,11
DA:42,11
DA:43,11
DA:44,11
DA:45,11
DA:49,4
DA:50,8
DA:52,4
DA:58,2
DA:64,2
DA:65,2
DA:67,4
DA:68,2
DA:70,2
DA:71,4
DA:73,0
DA:74,0
DA:78,3
DA:84,3
DA:85,3
DA:86,6
DA:87,6
DA:88,9
DA:89,3
DA:92,0
DA:93,0
DA:97,1
DA:105,1
DA:106,3
DA:107,4
DA:108,2
DA:109,2
DA:110,1
DA:112,0
DA:113,0
DA:117,0
DA:122,0
DA:123,0
DA:125,0
DA:126,0
DA:128,0
DA:129,0
DA:130,0
DA:131,0
DA:135,0
DA:136,0
DA:138,0
DA:139,0
DA:140,0
DA:142,0
DA:143,0
DA:147,2
DA:153,2
DA:154,6
DA:155,4
DA:156,8
DA:157,0
DA:158,0
DA:162,1
DA:169,1
DA:170,2
DA:171,2
DA:172,1
DA:173,2
DA:174,4
DA:175,0
DA:176,0
LF:78
LH:52
end_of_record
SF:lib/model/courses/bloqo_course_data.dart
DA:20,15
DA:31,6
DA:35,6
DA:36,6
DA:37,6
DA:38,6
DA:39,6
DA:40,6
DA:41,6
DA:42,6
DA:43,6
DA:44,6
DA:48,11
DA:49,11
DA:50,11
DA:51,11
DA:52,11
DA:53,11
DA:54,11
DA:55,11
DA:56,11
DA:57,11
DA:61,6
DA:62,12
DA:64,4
DA:70,2
DA:76,2
DA:77,2
DA:78,2
DA:80,2
DA:81,2
DA:83,2
DA:84,4
DA:86,0
DA:87,0
DA:91,5
DA:97,5
DA:98,10
DA:99,15
DA:101,0
DA:102,0
DA:106,1
DA:113,1
DA:114,3
DA:115,4
DA:116,2
DA:117,2
DA:118,2
DA:120,0
DA:121,0
DA:125,1
DA:132,1
DA:133,2
DA:134,2
DA:135,1
DA:136,2
DA:137,4
DA:138,0
DA:139,0
DA:143,2
DA:149,2
DA:150,6
DA:151,4
DA:152,8
DA:153,0
DA:154,0
DA:158,1
DA:165,1
DA:166,2
DA:167,2
DA:168,1
DA:169,1
DA:170,2
DA:171,4
DA:172,0
DA:173,0
LF:76
LH:64
end_of_record
SF:lib/model/courses/bloqo_section_data.dart
DA:16,14
DA:23,4
DA:27,4
DA:28,4
DA:29,4
DA:30,4
DA:31,4
DA:32,4
DA:36,11
DA:37,11
DA:38,11
DA:39,11
DA:40,11
DA:41,11
DA:45,4
DA:46,8
DA:48,4
DA:54,3
DA:60,3
DA:61,3
DA:62,6
DA:63,6
DA:64,9
DA:65,3
DA:68,0
DA:69,0
DA:73,2
DA:79,2
DA:80,4
DA:81,6
DA:83,0
DA:84,0
DA:88,2
DA:94,2
DA:95,2
DA:97,4
DA:98,2
DA:100,2
DA:101,4
DA:103,0
DA:104,0
DA:108,1
DA:116,1
DA:117,3
DA:118,4
DA:119,2
DA:120,1
DA:122,0
DA:123,0
DA:127,0
DA:132,0
DA:133,0
DA:135,0
DA:136,0
DA:138,0
DA:139,0
DA:140,0
DA:141,0
DA:145,0
DA:146,0
DA:148,0
DA:149,0
DA:150,0
DA:152,0
DA:153,0
DA:157,2
DA:163,2
DA:164,6
DA:165,4
DA:166,8
DA:167,0
DA:168,0
DA:172,1
DA:179,1
DA:180,2
DA:181,2
DA:182,1
DA:183,2
DA:184,4
DA:185,0
DA:186,0
LF:81
LH:53
end_of_record
SF:lib/model/courses/published_courses/bloqo_published_course_data.dart
DA:25,12
DA:44,5
DA:47,5
DA:48,5
DA:49,5
DA:50,5
DA:51,5
DA:52,5
DA:53,5
DA:54,5
DA:55,5
DA:56,5
DA:57,5
DA:58,5
DA:59,5
DA:60,5
DA:61,5
DA:62,15
DA:63,5
DA:64,5
DA:68,11
DA:69,11
DA:70,11
DA:71,11
DA:72,11
DA:73,11
DA:74,11
DA:75,11
DA:76,11
DA:77,11
DA:78,11
DA:79,11
DA:80,11
DA:81,11
DA:82,11
DA:83,11
DA:84,11
DA:85,11
DA:89,5
DA:90,10
DA:92,2
DA:97,2
DA:103,2
DA:104,4
DA:105,4
DA:106,2
DA:109,0
DA:110,0
DA:114,2
DA:120,2
DA:121,4
DA:122,4
DA:123,2
DA:125,0
DA:126,0
DA:130,2
DA:136,2
DA:137,4
DA:138,2
DA:139,3
DA:140,2
DA:143,0
DA:144,0
DA:148,1
DA:154,1
DA:155,2
DA:156,0
DA:157,0
DA:161,0
DA:169,0
DA:170,0
DA:171,0
DA:173,0
DA:174,0
DA:175,0
DA:177,0
DA:179,0
DA:180,0
DA:184,3
DA:191,3
DA:193,3
DA:194,6
DA:195,6
DA:200,0
DA:202,0
DA:203,0
DA:208,1
DA:214,1
DA:215,3
DA:216,2
DA:217,4
DA:218,0
DA:219,0
DA:223,1
DA:229,1
DA:230,2
DA:231,4
DA:232,0
DA:233,0
LF:99
LH:74
end_of_record
SF:lib/model/courses/published_courses/bloqo_review_data.dart
DA:14,12
DA:23,0
DA:27,0
DA:29,0
DA:30,0
DA:31,0
DA:32,0
DA:33,0
DA:34,0
DA:35,0
DA:39,11
DA:40,11
DA:41,11
DA:42,11
DA:43,11
DA:44,11
DA:45,11
DA:46,11
DA:50,1
DA:51,2
DA:53,0
DA:59,1
DA:65,1
DA:66,1
DA:67,1
DA:68,0
DA:69,0
DA:70,0
DA:73,0
DA:74,0
DA:78,0
DA:84,0
DA:85,0
DA:86,0
DA:87,0
LF:35
LH:15
end_of_record
SF:lib/model/courses/tags/bloqo_difficulty_tag.dart
DA:4,0
DA:15,5
DA:16,5
DA:17,5
DA:19,10
DA:20,5
DA:21,10
DA:22,5
DA:24,5
DA:25,5
DA:29,5
DA:31,5
DA:32,5
DA:33,4
DA:34,4
DA:36,0
LF:16
LH:14
end_of_record
SF:lib/model/courses/tags/bloqo_duration_tag.dart
DA:5,0
DA:16,5
DA:17,5
DA:18,5
DA:20,10
DA:21,5
DA:22,10
DA:23,5
DA:25,5
DA:26,5
DA:30,5
DA:32,5
DA:33,5
DA:34,4
DA:35,4
DA:36,4
DA:37,4
DA:38,4
DA:39,4
DA:41,0
LF:20
LH:18
end_of_record
SF:lib/model/courses/tags/bloqo_language_tag.dart
DA:4,0
DA:16,5
DA:17,5
DA:18,5
DA:20,10
DA:21,5
DA:22,10
DA:23,5
DA:25,5
DA:26,5
DA:30,6
DA:32,6
DA:33,6
DA:34,5
DA:35,5
DA:36,5
DA:37,5
DA:39,0
LF:18
LH:16
end_of_record
SF:lib/model/courses/tags/bloqo_modality_tag.dart
DA:5,0
DA:15,5
DA:16,5
DA:17,5
DA:19,10
DA:20,5
DA:21,10
DA:22,5
DA:24,5
DA:25,5
DA:29,5
DA:31,5
DA:32,4
DA:33,5
DA:34,4
DA:35,5
DA:36,5
DA:38,0
LF:18
LH:16
end_of_record
SF:lib/model/courses/tags/bloqo_subject_tag.dart
DA:5,0
DA:40,5
DA:41,5
DA:42,5
DA:44,10
DA:45,5
DA:46,10
DA:47,5
DA:49,5
DA:50,5
DA:54,5
DA:56,5
DA:57,4
DA:58,5
DA:59,4
DA:60,5
DA:61,4
DA:62,5
DA:63,4
DA:64,5
DA:65,4
DA:66,5
DA:67,4
DA:68,5
DA:69,4
DA:70,5
DA:71,4
DA:72,5
DA:73,4
DA:74,5
DA:75,4
DA:76,5
DA:77,4
DA:78,5
DA:79,4
DA:80,5
DA:81,4
DA:82,5
DA:83,4
DA:84,5
DA:85,4
DA:86,5
DA:87,4
DA:88,5
DA:89,4
DA:90,5
DA:91,4
DA:92,5
DA:93,5
DA:94,4
DA:95,4
DA:96,4
DA:97,4
DA:98,4
DA:99,4
DA:100,4
DA:101,4
DA:102,4
DA:103,4
DA:104,4
DA:105,4
DA:106,4
DA:107,4
DA:108,4
DA:109,4
DA:110,4
DA:111,4
DA:113,0
LF:68
LH:66
end_of_record
SF:lib/model/user_courses/bloqo_user_course_created_data.dart
DA:16,12
DA:26,9
DA:29,9
DA:31,9
DA:32,9
DA:33,9
DA:34,9
DA:35,9
DA:36,9
DA:37,9
DA:38,9
DA:42,11
DA:43,11
DA:44,11
DA:45,11
DA:46,11
DA:47,11
DA:48,11
DA:49,11
DA:50,11
DA:54,9
DA:55,18
DA:57,4
DA:62,2
DA:68,2
DA:69,2
DA:70,2
DA:73,2
DA:75,2
DA:77,2
DA:78,4
DA:80,0
DA:81,0
DA:86,9
DA:92,9
DA:93,36
DA:94,9
DA:95,18
DA:96,18
DA:99,0
DA:100,0
DA:105,0
DA:108,0
DA:109,0
DA:110,0
DA:111,0
DA:112,0
DA:117,1
DA:123,1
DA:124,2
DA:125,4
DA:126,0
DA:127,0
DA:131,1
DA:137,1
DA:138,2
DA:139,3
DA:140,2
DA:141,5
DA:142,0
DA:143,0
DA:147,1
DA:153,1
DA:154,2
DA:155,3
DA:156,2
DA:157,5
DA:158,0
DA:159,0
DA:163,2
DA:169,4
DA:170,2
DA:171,6
DA:172,4
DA:173,0
DA:175,4
DA:176,8
DA:177,0
DA:178,0
LF:79
LH:60
end_of_record
SF:lib/model/user_courses/bloqo_user_course_enrolled_data.dart
DA:31,12
DA:49,9
DA:52,9
DA:54,9
DA:55,9
DA:56,9
DA:57,9
DA:58,9
DA:59,9
DA:60,9
DA:61,9
DA:62,9
DA:63,9
DA:64,9
DA:65,9
DA:66,9
DA:67,9
DA:68,9
DA:69,9
DA:73,11
DA:74,11
DA:75,11
DA:76,11
DA:77,11
DA:78,11
DA:79,11
DA:80,11
DA:81,11
DA:82,11
DA:83,11
DA:84,11
DA:85,11
DA:86,11
DA:87,11
DA:88,11
DA:89,11
DA:93,9
DA:94,18
DA:96,2
DA:103,9
DA:109,9
DA:110,36
DA:111,9
DA:112,18
DA:113,18
DA:116,0
DA:117,0
DA:122,0
DA:125,0
DA:126,0
DA:127,0
DA:128,0
DA:129,0
DA:134,0
DA:140,0
DA:141,0
DA:142,0
DA:144,0
DA:145,0
DA:149,1
DA:155,2
DA:156,2
DA:157,3
DA:159,2
DA:160,3
DA:164,1
DA:165,1
DA:168,1
DA:169,1
DA:170,1
DA:171,1
DA:172,1
DA:173,1
DA:174,2
DA:175,2
DA:177,1
DA:181,1
DA:182,2
DA:184,2
DA:185,2
DA:186,1
DA:187,1
DA:190,0
DA:191,0
DA:195,1
DA:202,1
DA:203,3
DA:204,4
DA:205,0
DA:206,0
DA:210,1
DA:216,1
DA:217,2
DA:218,1
DA:219,0
DA:221,0
DA:222,0
DA:226,0
DA:234,0
DA:235,0
DA:236,0
DA:237,0
DA:238,0
DA:239,0
DA:241,0
DA:242,0
DA:243,0
DA:247,0
DA:255,0
DA:256,0
DA:257,0
DA:258,0
DA:260,0
DA:262,0
DA:264,0
DA:265,0
DA:266,0
DA:270,0
DA:277,0
DA:279,0
DA:280,0
DA:281,0
DA:283,0
DA:285,0
DA:287,0
DA:288,0
DA:289,0
DA:290,0
DA:292,0
DA:293,0
DA:294,0
DA:298,0
DA:307,0
DA:309,0
DA:310,0
DA:311,0
DA:313,0
DA:314,0
DA:316,0
DA:317,0
DA:318,0
DA:320,0
DA:322,0
DA:323,0
DA:327,0
DA:334,0
DA:336,0
DA:337,0
DA:338,0
DA:340,0
DA:341,0
DA:343,0
DA:344,0
DA:346,0
DA:347,0
LF:155
LH:76
end_of_record
SF:lib/components/complex/bloqo_course_created.dart
DA:16,10
DA:39,10
DA:41,10
DA:42,10
DA:43,10
DA:44,10
DA:45,10
DA:46,10
DA:47,20
DA:48,40
DA:49,30
DA:50,10
DA:51,10
DA:52,20
DA:57,10
DA:58,10
DA:60,10
DA:62,10
DA:63,10
DA:65,10
DA:66,10
DA:67,10
DA:69,10
DA:70,10
DA:72,10
DA:73,10
DA:75,10
DA:77,20
DA:81,10
DA:82,10
DA:83,20
DA:84,40
DA:91,10
DA:93,10
DA:94,70
DA:95,40
DA:105,10
DA:106,10
DA:107,20
DA:112,10
DA:113,6
DA:115,6
DA:117,6
DA:120,6
DA:121,6
DA:122,12
DA:123,1
DA:124,1
DA:126,1
DA:127,1
DA:128,1
DA:129,1
DA:134,2
DA:137,6
DA:141,6
DA:142,12
DA:143,6
DA:144,6
DA:152,10
DA:153,10
DA:154,2
DA:156,2
DA:158,2
DA:162,2
DA:163,2
DA:164,4
DA:165,2
DA:169,2
DA:171,2
DA:172,4
DA:173,2
DA:174,2
DA:178,2
DA:179,4
DA:180,2
DA:181,2
DA:189,10
DA:197,1
DA:198,2
DA:200,1
DA:201,1
DA:203,1
DA:206,2
DA:208,1
DA:211,2
DA:213,1
DA:219,1
DA:220,1
DA:221,0
DA:222,0
DA:224,2
DA:225,2
DA:226,2
DA:228,0
DA:229,0
DA:230,0
DA:231,0
DA:233,0
DA:234,0
LF:99
LH:91
end_of_record
SF:lib/components/complex/bloqo_editable_chapter.dart
DA:16,4
DA:31,4
DA:33,4
DA:34,4
DA:35,4
DA:36,4
DA:37,4
DA:38,4
DA:39,8
DA:40,16
DA:41,12
DA:42,4
DA:43,4
DA:44,8
DA:49,4
DA:50,4
DA:52,4
DA:54,4
DA:55,4
DA:57,4
DA:58,4
DA:59,4
DA:61,4
DA:62,4
DA:63,16
DA:64,16
DA:67,8
DA:70,4
DA:72,4
DA:73,4
DA:74,4
DA:75,8
DA:76,12
DA:84,4
DA:85,4
DA:86,4
DA:87,4
DA:90,4
DA:92,8
DA:95,2
DA:96,2
DA:98,2
DA:99,2
DA:100,1
DA:101,1
DA:106,4
DA:110,4
DA:112,8
DA:126,1
DA:127,2
DA:129,1
DA:130,1
DA:132,1
DA:136,1
DA:137,2
DA:139,1
DA:142,2
DA:143,2
DA:145,1
DA:148,2
DA:150,6
DA:151,0
DA:154,0
DA:157,1
DA:158,3
DA:159,6
DA:160,7
DA:161,2
DA:162,2
DA:163,3
DA:166,0
DA:167,0
DA:168,0
DA:169,0
DA:171,0
DA:172,0
LF:76
LH:68
end_of_record
SF:lib/components/complex/bloqo_editable_section.dart
DA:17,3
DA:34,3
DA:36,3
DA:37,3
DA:38,3
DA:39,3
DA:40,3
DA:41,3
DA:42,6
DA:43,12
DA:44,9
DA:45,3
DA:46,3
DA:47,6
DA:52,3
DA:53,3
DA:55,3
DA:57,3
DA:58,3
DA:60,3
DA:61,3
DA:62,3
DA:64,3
DA:65,3
DA:66,12
DA:67,12
DA:70,6
DA:73,3
DA:75,3
DA:76,3
DA:77,3
DA:78,6
DA:79,9
DA:87,3
DA:88,3
DA:89,3
DA:90,3
DA:93,3
DA:95,6
DA:98,2
DA:99,2
DA:101,2
DA:102,2
DA:103,1
DA:104,1
DA:109,4
DA:113,3
DA:115,6
DA:129,1
DA:130,2
DA:132,1
DA:133,1
DA:135,1
DA:139,1
DA:140,2
DA:142,1
DA:145,2
DA:146,2
DA:148,1
DA:151,2
DA:153,6
DA:154,0
DA:157,0
DA:160,1
DA:161,5
DA:162,4
DA:163,2
DA:164,2
DA:165,3
DA:168,0
DA:169,0
DA:170,0
DA:171,0
DA:173,0
DA:174,0
LF:75
LH:67
end_of_record
SF:lib/components/forms/bloqo_dropdown.dart
DA:4,6
DA:21,6
DA:22,6
DA:26,6
DA:28,6
DA:29,12
DA:30,12
DA:31,12
DA:32,12
DA:33,12
DA:34,27
LF:11
LH:11
end_of_record
SF:lib/utils/bloqo_external_services.dart
DA:11,11
LF:1
LH:1
end_of_record
SF:lib/main.dart
DA:35,11
DA:37,11
DA:40,22
DA:43,22
DA:52,0
DA:53,0
DA:55,0
DA:56,0
DA:57,0
DA:58,0
DA:66,11
DA:67,11
DA:68,11
DA:69,11
DA:70,33
DA:71,31
DA:72,17
DA:73,21
DA:74,31
DA:75,31
DA:77,11
DA:84,11
DA:93,11
DA:94,11
DA:101,11
DA:103,11
DA:104,11
DA:107,11
DA:109,22
DA:110,22
DA:112,55
DA:113,55
DA:114,55
DA:116,22
DA:117,11
DA:119,22
DA:120,11
DA:121,11
DA:124,44
DA:125,33
DA:127,11
DA:128,0
DA:129,0
DA:130,0
DA:135,11
DA:137,11
DA:139,2
DA:140,2
DA:141,2
DA:142,6
DA:147,11
DA:151,11
DA:152,11
DA:153,11
DA:154,11
DA:155,11
DA:158,22
DA:159,0
DA:161,11
DA:167,11
DA:168,11
DA:169,11
DA:170,11
DA:178,11
DA:179,11
DA:181,33
DA:184,22
DA:189,0
DA:190,0
DA:192,0
DA:195,0
DA:200,11
DA:201,11
DA:203,11
DA:204,0
DA:207,0
DA:211,11
DA:213,11
DA:214,0
DA:217,0
DA:221,11
DA:225,0
DA:226,0
DA:227,0
DA:228,0
DA:229,0
DA:237,0
DA:238,0
DA:245,11
DA:253,11
DA:254,22
DA:258,0
DA:259,0
DA:261,0
DA:262,0
DA:263,0
DA:273,11
DA:274,22
DA:278,0
DA:283,0
DA:285,0
DA:286,0
DA:293,11
DA:294,22
DA:295,11
DA:297,0
DA:299,0
DA:302,0
LF:108
LH:71
end_of_record
SF:lib/app_state/editor_course_app_state.dart
DA:19,3
DA:20,3
DA:23,2
DA:24,12
DA:27,2
DA:28,14
DA:31,2
DA:32,14
DA:35,3
DA:36,3
DA:39,2
DA:40,2
DA:43,2
DA:44,2
DA:47,2
DA:48,4
DA:51,2
DA:52,4
DA:55,3
DA:56,3
DA:57,3
DA:58,3
DA:59,3
DA:60,9
DA:61,3
DA:65,2
DA:66,2
DA:67,4
DA:68,8
DA:70,6
DA:71,2
DA:76,2
DA:77,4
DA:78,18
DA:80,4
DA:81,0
DA:83,6
DA:86,6
DA:87,2
DA:92,2
DA:93,4
DA:94,20
DA:96,4
DA:97,0
DA:99,6
DA:102,6
DA:103,2
DA:108,1
DA:109,2
DA:110,5
DA:111,5
DA:113,2
DA:115,3
DA:116,0
DA:119,3
DA:120,1
DA:125,1
DA:126,2
DA:127,10
DA:128,6
DA:130,3
DA:132,4
DA:133,0
DA:134,0
DA:137,3
DA:138,1
DA:143,1
DA:144,2
DA:145,11
DA:146,6
DA:148,3
DA:150,4
DA:151,0
DA:152,0
DA:155,3
DA:156,1
DA:161,2
DA:162,2
DA:163,14
DA:164,6
DA:165,2
DA:170,2
DA:171,2
DA:172,16
DA:173,6
DA:174,2
DA:179,1
DA:180,3
DA:181,2
DA:182,5
DA:183,2
DA:184,1
DA:185,3
DA:186,1
DA:192,1
DA:193,1
DA:194,2
DA:195,3
DA:196,1
DA:201,5
DA:202,5
DA:205,1
DA:206,1
DA:211,3
DA:212,6
DA:215,2
DA:216,4
DA:219,2
DA:220,4
DA:223,2
DA:224,4
DA:227,3
DA:228,6
DA:231,2
DA:232,4
DA:235,2
DA:236,4
DA:239,2
DA:240,4
DA:243,2
DA:244,4
DA:247,3
DA:248,6
DA:250,2
DA:254,2
DA:255,4
DA:258,2
DA:259,4
DA:262,2
DA:263,4
DA:266,2
DA:267,4
DA:270,2
DA:271,4
DA:274,1
DA:275,2
DA:278,1
DA:279,2
DA:282,0
DA:283,0
DA:286,1
DA:287,2
DA:290,1
DA:291,2
DA:294,1
DA:295,2
DA:298,5
DA:299,10
DA:302,0
DA:303,0
DA:306,1
DA:307,2
LF:152
LH:141
end_of_record
SF:lib/app_state/learn_course_app_state.dart
DA:20,2
DA:21,2
DA:24,0
DA:25,0
DA:28,2
DA:29,2
DA:32,2
DA:33,2
DA:36,0
DA:37,0
DA:40,2
DA:41,2
DA:44,3
DA:45,3
DA:48,2
DA:49,2
DA:52,2
DA:53,2
DA:56,0
DA:57,0
DA:58,0
DA:59,0
DA:63,0
DA:64,0
DA:65,0
DA:66,0
DA:70,3
DA:72,3
DA:73,3
DA:74,3
DA:75,3
DA:76,3
DA:77,3
DA:78,3
DA:79,9
DA:80,3
DA:84,3
DA:85,3
DA:88,2
DA:89,2
DA:94,2
DA:95,4
DA:98,0
DA:99,0
DA:102,2
DA:103,4
DA:106,0
DA:107,0
DA:110,2
DA:111,4
DA:114,2
DA:115,4
DA:118,3
DA:119,6
DA:122,2
DA:123,4
DA:126,2
DA:127,4
DA:130,3
DA:134,6
DA:137,4
DA:141,0
DA:142,0
DA:145,0
DA:146,0
DA:149,3
DA:150,6
DA:153,0
DA:154,0
DA:157,2
DA:158,4
LF:71
LH:49
end_of_record
SF:lib/app_state/user_app_state.dart
DA:11,11
DA:12,11
DA:15,12
DA:16,12
DA:17,36
DA:18,12
DA:22,0
DA:23,0
DA:24,0
DA:25,0
DA:26,0
DA:31,0
DA:32,0
DA:33,0
DA:34,0
DA:35,0
DA:40,1
DA:41,1
DA:42,2
DA:43,3
DA:44,1
DA:49,1
DA:50,1
DA:51,2
DA:52,3
DA:53,1
DA:58,1
DA:59,1
DA:60,2
DA:61,3
DA:62,1
DA:69,12
DA:70,24
DA:73,11
DA:74,22
DA:77,1
DA:78,2
DA:81,1
DA:82,2
DA:85,1
DA:86,2
DA:89,0
DA:90,0
DA:93,0
DA:94,0
LF:45
LH:31
end_of_record
SF:lib/app_state/user_courses_created_app_state.dart
DA:11,10
DA:12,10
DA:15,9
DA:16,9
DA:17,27
DA:18,9
DA:22,2
DA:23,2
DA:24,4
DA:25,6
DA:26,2
DA:31,1
DA:32,1
DA:33,2
DA:34,3
DA:35,1
DA:40,2
DA:41,2
DA:42,14
DA:43,6
DA:44,2
DA:49,2
DA:50,2
DA:51,16
DA:52,6
DA:53,2
DA:58,2
DA:59,2
DA:60,14
DA:61,6
DA:62,2
DA:67,1
DA:68,1
DA:69,7
DA:70,3
DA:71,1
DA:78,9
DA:79,18
DA:82,10
DA:83,20
DA:86,2
DA:87,4
DA:88,0
DA:91,2
DA:92,2
DA:96,1
DA:97,2
DA:100,2
DA:101,4
DA:104,2
DA:105,4
DA:108,2
DA:109,4
DA:112,1
DA:113,2
LF:55
LH:54
end_of_record
SF:lib/app_state/user_courses_enrolled_app_state.dart
DA:9,10
DA:10,10
DA:13,9
DA:14,9
DA:15,27
DA:16,9
DA:20,1
DA:21,1
DA:22,2
DA:23,3
DA:24,1
DA:29,0
DA:30,0
DA:31,0
DA:33,0
DA:34,0
DA:37,0
DA:38,0
DA:44,9
DA:45,18
DA:48,0
DA:49,0
DA:52,10
DA:53,20
DA:56,1
DA:57,2
LF:26
LH:17
end_of_record
SF:lib/components/buttons/bloqo_popup_menu_filled_button.dart
DA:5,3
DA:29,3
DA:31,3
DA:33,3
DA:35,3
DA:36,3
DA:37,3
DA:38,3
DA:39,3
DA:40,3
DA:41,6
DA:42,9
DA:45,3
DA:46,3
DA:49,3
DA:51,3
DA:52,3
DA:53,9
DA:54,18
DA:57,12
DA:58,3
DA:59,3
DA:61,3
DA:62,6
DA:63,6
DA:64,3
DA:66,3
DA:68,9
DA:70,5
LF:29
LH:29
end_of_record
SF:lib/components/custom/bloqo_snack_bar.dart
DA:7,8
DA:8,18
DA:9,16
DA:10,8
DA:19,1
DA:20,2
DA:21,2
LF:7
LH:7
end_of_record
SF:lib/app_state/application_settings_app_state.dart
DA:23,22
DA:25,88
DA:27,20
DA:29,28
DA:31,20
DA:33,2
DA:35,11
DA:36,11
DA:37,11
DA:38,0
DA:40,11
DA:43,11
DA:44,11
DA:45,11
DA:46,0
DA:48,11
DA:51,11
DA:52,11
DA:55,12
DA:56,12
DA:59,11
DA:60,11
DA:63,11
DA:64,11
DA:69,11
DA:70,22
DA:73,11
DA:74,33
DA:77,44
DA:78,88
DA:81,11
DA:82,22
DA:85,10
DA:86,20
DA:89,11
DA:90,22
DA:93,14
DA:94,28
DA:97,12
DA:98,24
DA:101,10
DA:102,20
DA:105,11
DA:106,22
DA:109,1
DA:110,2
DA:113,11
DA:114,22
LF:48
LH:46
end_of_record
SF:lib/utils/bloqo_exception.dart
DA:5,3
LF:1
LH:1
end_of_record
SF:lib/utils/localization.dart
DA:4,36
DA:5,36
DA:8,38
DA:12,38
LF:4
LH:4
end_of_record
SF:lib/components/popups/bloqo_confirmation_alert.dart
DA:7,8
DA:22,8
DA:24,8
DA:25,8
DA:26,8
DA:27,16
DA:28,16
DA:29,8
DA:30,32
DA:31,16
DA:34,32
DA:35,16
DA:37,16
DA:38,8
DA:39,8
DA:40,28
DA:41,16
DA:43,0
DA:44,48
DA:45,16
DA:49,8
DA:50,28
DA:51,16
DA:53,4
DA:54,8
DA:55,4
DA:56,4
DA:59,48
DA:60,8
DA:70,8
DA:77,8
DA:78,16
DA:79,8
DA:81,8
DA:82,8
LF:35
LH:34
end_of_record
SF:lib/components/popups/bloqo_error_alert.dart
DA:7,4
DA:16,4
DA:18,4
DA:19,4
DA:20,4
DA:21,8
DA:22,8
DA:23,8
DA:24,16
DA:25,8
DA:28,16
DA:29,8
DA:31,8
DA:32,4
DA:33,4
DA:34,15
DA:35,12
DA:37,2
DA:38,24
DA:39,8
DA:49,5
DA:50,5
DA:52,4
DA:53,4
LF:24
LH:24
end_of_record
SF:lib/components/complex/bloqo_course_enrolled.dart
DA:30,10
DA:40,10
DA:41,10
DA:46,10
DA:48,10
DA:50,10
DA:51,10
DA:53,10
DA:54,20
DA:55,10
DA:56,10
DA:57,20
DA:58,40
DA:59,30
DA:60,10
DA:61,10
DA:62,20
DA:68,20
DA:69,10
DA:71,10
DA:72,10
DA:75,10
DA:76,10
DA:77,10
DA:79,10
DA:82,10
DA:83,10
DA:86,10
DA:88,10
DA:89,10
DA:92,10
DA:94,20
DA:98,10
DA:99,10
DA:101,10
DA:102,30
DA:103,40
DA:111,10
DA:115,10
DA:117,10
DA:118,10
DA:121,10
DA:123,20
DA:127,10
DA:128,10
DA:129,30
DA:130,40
DA:138,20
DA:139,10
DA:143,10
DA:145,10
DA:146,10
DA:149,10
DA:151,20
DA:155,10
DA:156,10
DA:157,30
DA:158,40
DA:169,10
DA:172,10
DA:173,10
DA:176,10
DA:178,20
DA:186,20
DA:187,10
DA:188,10
DA:190,10
DA:191,10
DA:192,10
DA:193,10
DA:194,10
DA:196,10
DA:197,10
DA:199,20
DA:201,10
DA:202,30
DA:203,80
DA:216,20
DA:217,1
DA:219,1
DA:221,1
DA:225,1
DA:226,4
DA:227,2
DA:228,0
DA:229,0
DA:232,0
DA:235,1
DA:239,1
DA:240,2
DA:241,0
DA:242,0
DA:245,0
DA:248,1
DA:252,1
DA:253,2
DA:254,0
DA:255,0
DA:256,0
DA:259,0
DA:261,0
DA:262,0
DA:264,0
DA:265,0
DA:266,0
DA:268,0
DA:269,0
DA:270,0
DA:272,0
DA:273,0
DA:277,1
DA:291,10
DA:294,0
DA:295,0
DA:299,0
DA:301,0
DA:303,0
DA:304,0
DA:307,0
DA:309,0
DA:310,0
DA:316,0
DA:321,0
DA:322,0
DA:324,0
DA:325,0
DA:327,0
DA:332,0
DA:333,0
DA:334,0
DA:335,0
DA:337,0
DA:338,0
LF:133
LH:92
end_of_record
SF:lib/components/custom/bloqo_progress_bar.dart
DA:8,11
DA:19,11
DA:21,11
DA:22,11
DA:23,11
DA:24,22
DA:25,11
DA:26,11
DA:27,11
DA:28,11
DA:30,22
DA:34,11
DA:35,11
DA:36,11
DA:37,11
DA:38,11
DA:42,22
DA:43,22
DA:44,11
DA:45,55
DA:46,44
DA:47,11
LF:22
LH:22
end_of_record
SF:lib/pages/from_learn/review_page.dart
DA:24,0
DA:35,0
DA:36,0
DA:45,0
DA:47,0
DA:48,0
DA:49,0
DA:51,0
DA:52,0
DA:54,0
DA:55,0
DA:56,0
DA:57,0
DA:61,0
DA:63,0
DA:64,0
DA:65,0
DA:68,0
DA:70,0
DA:71,0
DA:72,0
DA:73,0
DA:75,0
DA:76,0
DA:78,0
DA:79,0
DA:81,0
DA:82,0
DA:83,0
DA:84,0
DA:85,0
DA:86,0
DA:88,0
DA:90,0
DA:91,0
DA:93,0
DA:94,0
DA:95,0
DA:96,0
DA:101,0
DA:103,0
DA:104,0
DA:105,0
DA:106,0
DA:111,0
DA:113,0
DA:114,0
DA:115,0
DA:116,0
DA:117,0
DA:118,0
DA:119,0
DA:127,0
DA:129,0
DA:131,0
DA:132,0
DA:134,0
DA:135,0
DA:137,0
DA:142,0
DA:144,0
DA:146,0
DA:147,0
DA:149,0
DA:150,0
DA:153,0
DA:158,0
DA:160,0
DA:162,0
DA:163,0
DA:165,0
DA:168,0
DA:169,0
DA:171,0
DA:172,0
DA:173,0
DA:174,0
DA:177,0
DA:178,0
DA:196,0
DA:200,0
DA:203,0
DA:205,0
DA:206,0
DA:207,0
DA:211,0
DA:213,0
DA:214,0
DA:215,0
DA:217,0
DA:218,0
DA:219,0
DA:222,0
DA:229,0
DA:232,0
DA:235,0
DA:236,0
DA:239,0
DA:240,0
DA:245,0
DA:246,0
DA:250,0
DA:251,0
DA:252,0
DA:255,0
DA:256,0
DA:259,0
DA:260,0
DA:264,0
DA:265,0
DA:268,0
DA:269,0
DA:272,0
DA:273,0
DA:274,0
DA:278,0
DA:279,0
DA:282,0
DA:284,0
DA:286,0
DA:288,0
DA:289,0
DA:290,0
DA:293,0
DA:294,0
DA:295,0
DA:296,0
DA:298,0
DA:299,0
LF:129
LH:0
end_of_record
SF:lib/utils/bloqo_certificate.dart
DA:10,0
DA:19,0
DA:21,0
DA:22,0
DA:23,0
DA:24,0
DA:25,0
DA:26,0
DA:27,0
DA:28,0
DA:29,0
DA:37,0
DA:39,0
DA:42,0
DA:43,0
DA:45,0
DA:48,0
DA:49,0
DA:51,0
DA:53,0
DA:54,0
DA:59,0
DA:68,0
DA:69,0
DA:71,0
DA:74,0
DA:75,0
DA:77,0
DA:79,0
DA:80,0
DA:82,0
DA:85,0
DA:86,0
DA:88,0
DA:91,0
DA:92,0
DA:94,0
DA:97,0
DA:98,0
DA:100,0
DA:109,0
DA:115,0
DA:116,0
DA:118,0
DA:123,0
DA:125,0
DA:127,0
DA:133,0
DA:135,0
DA:138,0
DA:139,0
DA:141,0
DA:145,0
DA:146,0
DA:148,0
DA:152,0
DA:154,0
DA:156,0
DA:158,0
LF:59
LH:0
end_of_record
SF:lib/components/complex/bloqo_course_section.dart
DA:8,3
DA:23,3
DA:25,3
DA:26,3
DA:28,4
DA:30,3
DA:32,9
DA:33,3
DA:34,3
DA:35,6
DA:36,12
DA:37,9
DA:38,3
DA:39,3
DA:40,6
DA:45,3
DA:46,3
DA:48,2
DA:49,2
DA:50,4
DA:51,2
DA:52,2
DA:53,4
DA:58,2
DA:63,3
DA:64,3
DA:65,3
DA:67,3
DA:68,3
DA:72,3
DA:73,3
DA:74,3
DA:76,3
DA:79,3
DA:80,3
DA:83,3
DA:84,12
DA:86,3
DA:87,3
DA:88,3
DA:89,3
DA:91,6
DA:95,3
DA:98,3
DA:99,6
DA:102,3
DA:103,3
DA:104,3
DA:105,3
DA:107,6
DA:113,9
DA:114,0
DA:117,0
DA:118,0
DA:119,0
DA:120,0
DA:123,0
DA:124,0
DA:125,0
DA:126,0
DA:128,0
DA:132,0
DA:134,0
DA:136,0
DA:144,3
DA:145,3
DA:148,3
DA:149,3
DA:150,3
DA:151,3
DA:154,3
DA:155,3
DA:156,3
DA:157,3
DA:159,6
DA:174,9
DA:175,3
DA:177,3
DA:179,6
LF:79
LH:66
end_of_record
SF:lib/components/complex/bloqo_editable_block.dart
DA:18,3
DA:37,3
DA:39,3
DA:40,3
DA:41,3
DA:42,3
DA:43,3
DA:44,3
DA:45,6
DA:46,12
DA:47,9
DA:48,3
DA:49,3
DA:50,6
DA:55,3
DA:56,3
DA:58,3
DA:60,3
DA:61,3
DA:63,3
DA:64,3
DA:65,3
DA:67,3
DA:68,3
DA:69,12
DA:70,12
DA:73,6
DA:76,3
DA:78,3
DA:79,3
DA:80,3
DA:81,6
DA:82,9
DA:90,3
DA:91,3
DA:92,3
DA:93,3
DA:96,3
DA:98,6
DA:101,2
DA:102,2
DA:104,2
DA:105,2
DA:106,1
DA:107,1
DA:112,4
DA:116,3
DA:118,6
DA:132,1
DA:133,2
DA:135,1
DA:136,1
DA:138,1
DA:142,2
DA:143,2
DA:145,1
DA:148,2
DA:149,2
DA:151,1
DA:152,8
DA:153,1
DA:158,6
DA:159,0
DA:162,0
DA:165,1
DA:166,7
DA:167,2
DA:168,2
DA:169,3
DA:172,0
DA:173,0
DA:174,0
DA:175,0
DA:177,0
DA:178,0
LF:75
LH:67
end_of_record
SF:lib/components/complex/bloqo_editable_quiz_answer.dart
DA:13,2
DA:30,2
DA:31,2
DA:39,2
DA:41,2
DA:42,2
DA:43,2
DA:44,4
DA:45,2
DA:46,2
DA:47,2
DA:48,2
DA:49,4
DA:53,2
DA:55,2
DA:57,2
DA:58,2
DA:59,2
DA:60,2
DA:61,2
DA:64,2
DA:65,2
DA:66,8
DA:67,8
DA:68,4
DA:72,4
DA:73,2
DA:76,2
DA:78,4
DA:81,2
DA:82,2
DA:84,2
DA:85,2
DA:86,4
DA:87,4
DA:96,2
DA:97,2
DA:98,2
DA:99,2
DA:100,4
DA:101,2
DA:102,2
DA:106,4
DA:109,2
DA:112,2
DA:113,2
DA:114,2
DA:115,8
DA:116,4
DA:121,2
DA:123,4
DA:124,4
LF:52
LH:52
end_of_record
SF:lib/components/forms/bloqo_switch.dart
DA:8,9
DA:19,9
DA:20,9
DA:24,9
DA:26,9
DA:27,9
DA:28,9
DA:30,9
DA:31,9
DA:32,18
DA:33,9
DA:34,27
DA:35,18
DA:36,4
DA:37,20
DA:40,18
DA:41,18
DA:42,18
DA:43,18
DA:46,9
DA:47,42
DA:48,36
DA:49,18
LF:23
LH:23
end_of_record
SF:lib/utils/toggle.dart
DA:6,9
DA:7,9
DA:8,9
DA:11,9
DA:12,9
DA:15,4
DA:16,8
DA:19,3
DA:20,6
LF:9
LH:9
end_of_record
SF:lib/components/complex/bloqo_review.dart
DA:8,1
DA:15,1
DA:18,1
DA:19,1
DA:21,1
DA:23,1
DA:24,1
DA:25,2
DA:26,1
DA:27,1
DA:28,2
DA:32,1
DA:34,1
DA:36,1
DA:37,1
DA:38,1
DA:39,1
DA:40,2
DA:42,4
DA:44,2
DA:48,1
DA:49,3
DA:50,2
DA:52,2
DA:61,1
DA:62,1
DA:63,1
DA:64,2
DA:66,2
DA:67,2
DA:69,2
DA:75,1
DA:77,1
DA:79,1
DA:80,2
DA:82,2
DA:83,2
DA:85,2
LF:38
LH:38
end_of_record
SF:lib/utils/check_device.dart
DA:3,15
DA:6,45
DA:8,15
LF:3
LH:3
end_of_record
SF:lib/components/complex/bloqo_search_result_course.dart
DA:19,4
DA:26,4
DA:28,4
DA:29,4
DA:31,4
DA:32,4
DA:33,4
DA:34,4
DA:35,8
DA:36,16
DA:37,12
DA:38,4
DA:39,4
DA:40,8
DA:45,4
DA:46,4
DA:49,4
DA:50,4
DA:51,4
DA:53,4
DA:56,4
DA:57,4
DA:59,4
DA:61,4
DA:62,4
DA:64,4
DA:66,8
DA:70,4
DA:71,4
DA:73,4
DA:74,8
DA:76,16
DA:86,4
DA:88,4
DA:90,4
DA:91,4
DA:93,4
DA:95,8
DA:99,4
DA:100,8
DA:101,16
DA:108,4
DA:110,4
DA:112,4
DA:113,4
DA:115,4
DA:117,8
DA:121,4
DA:122,28
DA:123,16
DA:130,4
DA:132,4
DA:134,4
DA:135,4
DA:137,4
DA:138,8
DA:139,8
DA:144,8
DA:145,4
DA:146,4
DA:147,16
DA:151,1
DA:152,1
DA:153,4
DA:161,4
DA:163,4
DA:164,4
DA:165,4
DA:167,4
DA:168,4
DA:169,4
DA:171,4
DA:174,4
DA:175,4
DA:177,4
DA:180,4
DA:189,4
DA:190,4
DA:191,16
DA:192,16
DA:200,4
DA:203,4
DA:206,4
DA:216,4
DA:217,4
DA:218,16
DA:219,16
DA:227,4
DA:230,4
DA:233,4
DA:243,4
DA:244,4
DA:245,16
DA:246,16
DA:254,4
DA:257,4
DA:260,4
DA:270,4
DA:271,4
DA:272,16
DA:273,16
DA:281,4
DA:284,4
DA:287,4
DA:297,4
DA:298,4
DA:299,16
DA:300,16
DA:319,4
DA:322,4
DA:323,4
DA:325,4
DA:327,8
LF:113
LH:113
end_of_record
SF:lib/components/complex/bloqo_setting.dart
DA:5,3
DA:18,3
DA:20,3
DA:21,3
DA:23,3
DA:24,3
DA:25,6
DA:26,12
DA:27,12
DA:29,3
DA:30,3
DA:34,3
DA:35,3
DA:36,3
DA:38,3
DA:41,3
DA:42,3
DA:43,3
DA:44,12
DA:50,3
DA:52,3
DA:53,3
DA:55,12
DA:66,3
DA:68,3
DA:69,3
DA:70,6
LF:27
LH:27
end_of_record
SF:lib/components/complex/bloqo_user_details.dart
DA:21,4
DA:38,4
DA:39,4
DA:47,4
DA:50,4
DA:52,16
DA:53,3
DA:55,28
DA:56,4
DA:57,4
DA:58,4
DA:59,4
DA:61,4
DA:62,4
DA:63,4
DA:65,4
DA:66,4
DA:68,4
DA:70,4
DA:71,4
DA:73,4
DA:74,4
DA:75,4
DA:78,4
DA:80,4
DA:81,4
DA:82,8
DA:90,11
DA:93,3
DA:95,6
DA:98,6
DA:99,2
DA:105,4
DA:107,4
DA:109,4
DA:112,4
DA:113,4
DA:116,4
DA:117,4
DA:118,4
DA:120,4
DA:123,4
DA:124,8
DA:125,4
DA:126,12
DA:128,16
DA:129,8
DA:135,4
DA:136,12
DA:138,16
DA:139,8
DA:149,4
DA:151,4
DA:152,4
DA:153,8
DA:154,4
DA:156,4
DA:157,4
DA:159,8
DA:162,2
DA:163,2
DA:164,6
DA:165,6
DA:173,4
DA:175,4
DA:178,4
DA:179,4
DA:181,4
DA:184,4
DA:185,4
DA:187,4
DA:188,4
DA:189,8
DA:191,2
DA:192,8
DA:193,4
DA:195,4
DA:196,4
DA:201,4
DA:202,20
DA:203,16
DA:210,4
DA:212,4
DA:215,4
DA:216,4
DA:218,4
DA:219,4
DA:220,8
DA:222,1
DA:223,4
DA:224,2
DA:226,2
DA:227,2
DA:232,4
DA:233,20
DA:234,16
DA:250,8
DA:251,2
DA:253,3
DA:254,2
DA:256,1
DA:257,0
DA:258,0
DA:263,1
DA:264,2
DA:266,1
DA:267,0
DA:268,0
DA:281,2
DA:282,8
DA:284,2
DA:285,2
DA:288,0
DA:289,0
DA:291,0
DA:292,0
DA:295,0
DA:296,0
DA:298,0
DA:299,0
DA:300,0
DA:301,0
DA:302,0
DA:304,0
DA:305,0
DA:306,0
DA:309,0
DA:310,0
DA:311,0
DA:312,0
DA:314,0
DA:315,0
DA:320,0
DA:321,0
DA:323,0
DA:324,0
DA:327,0
DA:328,0
DA:330,0
DA:331,0
DA:332,0
DA:333,0
DA:334,0
DA:336,0
DA:337,0
DA:338,0
DA:341,0
DA:342,0
DA:343,0
DA:344,0
DA:346,0
DA:347,0
DA:352,4
DA:353,7
DA:354,1
DA:359,0
DA:360,0
DA:366,4
LF:158
LH:112
end_of_record
SF:lib/pages/from_any/qr_code_page.dart
DA:11,4
DA:20,3
DA:22,3
DA:23,3
DA:25,3
DA:26,3
DA:29,3
DA:30,3
DA:32,3
DA:33,3
DA:35,12
DA:36,6
DA:40,3
DA:42,3
DA:43,3
DA:45,3
DA:47,3
DA:49,3
DA:50,3
LF:19
LH:19
end_of_record
SF:lib/pages/from_any/user_list_page.dart
DA:14,2
DA:27,1
DA:28,1
DA:35,1
DA:37,1
DA:38,1
DA:39,1
DA:40,1
DA:42,0
DA:43,0
DA:44,0
DA:48,1
DA:50,1
DA:51,1
DA:52,2
DA:53,4
DA:54,4
DA:55,1
DA:56,2
DA:57,1
DA:58,1
DA:59,2
DA:63,1
DA:64,2
DA:65,2
DA:66,1
DA:67,1
DA:68,1
DA:69,4
DA:70,2
DA:75,1
DA:77,1
DA:78,1
DA:80,1
DA:82,1
DA:83,1
DA:85,1
DA:87,1
DA:88,4
DA:89,3
DA:90,6
DA:94,1
DA:96,1
DA:97,6
DA:98,1
DA:99,2
DA:100,1
DA:102,2
DA:103,2
DA:108,4
DA:109,0
DA:111,0
DA:112,0
DA:122,0
DA:123,0
DA:125,0
DA:126,0
DA:136,1
LF:58
LH:48
end_of_record
SF:lib/components/containers/bloqo_seasalt_container.dart
DA:5,17
DA:20,17
DA:22,17
DA:23,17
DA:24,17
DA:25,17
DA:26,17
DA:27,34
DA:28,34
DA:29,18
DA:30,1
DA:31,1
DA:34,17
LF:13
LH:13
end_of_record
SF:lib/components/complex/bloqo_user_details_short.dart
DA:15,2
DA:26,2
DA:29,6
DA:30,0
DA:33,2
DA:34,2
DA:35,2
DA:37,2
DA:39,2
DA:40,2
DA:41,4
DA:42,8
DA:43,6
DA:44,2
DA:45,2
DA:46,4
DA:51,1
DA:52,1
DA:54,2
DA:56,2
DA:57,2
DA:59,2
DA:61,2
DA:62,2
DA:64,2
DA:65,2
DA:67,0
DA:73,2
DA:79,2
DA:81,2
DA:82,2
DA:83,4
DA:96,2
DA:98,2
DA:100,2
DA:103,2
DA:104,2
DA:107,2
DA:108,2
DA:109,2
DA:111,2
DA:114,2
DA:115,4
DA:116,2
DA:117,4
DA:119,8
DA:120,4
DA:126,2
DA:127,4
DA:129,8
DA:130,4
DA:142,2
DA:144,2
DA:147,2
DA:148,2
DA:150,2
DA:153,2
DA:154,2
DA:156,2
DA:157,2
DA:158,8
DA:163,2
DA:164,8
DA:165,8
DA:172,2
DA:174,2
DA:177,2
DA:178,2
DA:180,2
DA:181,2
DA:182,8
DA:187,2
DA:188,8
DA:189,8
DA:203,2
DA:205,4
DA:214,1
DA:215,2
DA:217,1
DA:218,1
DA:221,2
DA:223,1
DA:224,2
DA:225,2
DA:226,1
DA:227,1
DA:228,1
DA:229,1
DA:234,0
DA:235,0
DA:236,0
DA:237,0
DA:239,0
DA:240,0
LF:94
LH:86
end_of_record
SF:lib/pages/from_any/user_profile_page.dart
DA:26,2
DA:39,1
DA:40,1
DA:50,1
DA:52,1
DA:53,1
DA:54,1
DA:55,1
DA:57,1
DA:58,2
DA:59,1
DA:60,1
DA:61,1
DA:65,0
DA:66,0
DA:67,0
DA:71,1
DA:73,1
DA:74,1
DA:75,1
DA:76,4
DA:77,0
DA:79,1
DA:81,1
DA:83,1
DA:84,1
DA:85,2
DA:86,3
DA:87,2
DA:88,2
DA:89,6
DA:91,1
DA:93,1
DA:95,1
DA:96,5
DA:97,4
DA:99,2
DA:105,3
DA:106,2
DA:107,1
DA:109,1
DA:110,1
DA:111,1
DA:120,5
DA:121,3
DA:122,0
DA:123,1
DA:124,3
DA:125,1
DA:127,0
DA:128,0
DA:137,5
DA:138,0
DA:140,0
DA:142,0
DA:143,0
DA:150,0
DA:151,0
DA:153,0
DA:157,0
DA:158,0
DA:159,0
DA:160,0
DA:161,0
DA:162,0
DA:163,0
DA:165,0
DA:166,0
DA:175,0
DA:176,0
DA:178,0
DA:180,0
DA:181,0
DA:187,0
DA:197,1
DA:200,0
DA:202,0
DA:204,0
DA:206,0
DA:209,0
DA:211,0
DA:214,0
DA:216,0
DA:217,0
DA:218,0
DA:221,0
DA:223,0
DA:225,0
DA:228,0
DA:230,0
DA:231,0
DA:232,0
DA:235,0
DA:238,0
DA:239,0
DA:240,0
DA:241,0
DA:242,0
DA:249,0
DA:253,0
DA:254,0
DA:255,0
DA:256,0
DA:258,0
DA:259,0
LF:105
LH:46
end_of_record
SF:lib/components/containers/bloqo_main_container.dart
DA:5,12
DA:14,12
DA:15,12
DA:21,12
DA:23,12
DA:24,12
DA:25,12
DA:26,12
DA:27,12
DA:28,24
DA:29,24
DA:36,24
DA:37,12
DA:39,24
LF:14
LH:14
end_of_record
SF:lib/components/custom/bloqo_rating_bar.dart
DA:10,1
DA:16,1
DA:17,1
DA:25,1
DA:27,1
DA:28,3
DA:31,1
DA:33,1
DA:34,1
DA:36,1
DA:38,2
DA:39,1
DA:40,1
DA:41,2
DA:42,4
DA:44,2
DA:45,2
DA:48,1
DA:49,2
DA:50,2
LF:20
LH:20
end_of_record
SF:lib/components/multimedia/bloqo_audio_player.dart
DA:9,1
DA:18,1
DA:19,1
DA:26,1
DA:28,1
DA:29,3
DA:32,0
DA:34,0
DA:37,0
DA:38,0
DA:39,0
DA:44,1
DA:46,3
DA:47,0
DA:49,1
DA:52,0
DA:53,0
DA:54,0
DA:56,0
DA:58,0
DA:59,0
DA:63,1
DA:65,1
DA:66,1
DA:67,1
DA:68,2
DA:69,1
DA:70,1
DA:71,1
DA:72,1
DA:73,2
DA:74,2
LF:32
LH:20
end_of_record
SF:lib/components/multimedia/bloqo_video_player.dart
DA:6,1
DA:15,1
DA:16,1
DA:23,1
DA:25,1
DA:26,3
DA:27,4
DA:30,0
DA:31,0
DA:32,0
DA:33,0
DA:36,2
DA:39,1
DA:41,3
DA:42,0
DA:44,1
DA:47,1
DA:49,1
DA:50,1
DA:51,1
DA:53,3
DA:54,1
DA:56,2
DA:57,2
DA:62,0
DA:63,0
DA:64,0
DA:66,0
DA:68,0
DA:69,0
DA:70,0
DA:71,0
DA:73,0
DA:74,0
DA:75,0
DA:76,0
DA:79,0
DA:83,0
DA:85,0
DA:86,0
DA:87,0
DA:88,0
LF:42
LH:19
end_of_record
SF:lib/components/multimedia/bloqo_youtube_player.dart
DA:8,1
DA:17,1
DA:18,1
DA:27,1
DA:29,1
DA:30,3
DA:32,0
DA:39,0
DA:40,0
DA:41,0
DA:42,0
DA:47,2
DA:48,1
DA:53,1
DA:55,1
DA:56,0
DA:58,1
DA:61,1
DA:63,1
DA:64,1
DA:65,1
DA:66,2
DA:67,1
DA:68,1
DA:69,1
DA:71,1
DA:72,0
DA:73,0
DA:74,0
DA:77,1
DA:78,1
DA:79,0
DA:81,0
DA:83,0
DA:84,0
DA:85,0
DA:86,0
DA:87,0
DA:88,0
DA:89,0
DA:90,0
DA:91,0
DA:94,0
DA:95,0
DA:96,0
DA:100,0
DA:114,1
DA:115,1
DA:116,1
DA:117,4
DA:118,2
LF:51
LH:27
end_of_record
SF:lib/components/navigation/bloqo_app_bar.dart
DA:5,11
DA:13,11
DA:14,11
DA:15,22
DA:17,11
DA:19,11
DA:21,9
DA:22,9
DA:24,18
DA:30,11
DA:31,11
DA:32,11
DA:33,11
DA:36,44
DA:37,22
DA:43,11
DA:45,11
DA:46,11
DA:47,11
DA:48,11
DA:50,22
DA:54,11
DA:55,9
DA:58,9
DA:60,9
DA:61,18
DA:62,9
DA:68,9
DA:69,18
DA:70,9
DA:71,18
DA:82,2
LF:32
LH:32
end_of_record
SF:lib/components/navigation/bloqo_breadcrumbs.dart
DA:7,5
DA:16,5
DA:19,5
DA:21,5
DA:23,20
DA:25,30
DA:26,10
DA:29,5
DA:30,10
DA:31,20
DA:32,10
DA:36,6
DA:37,6
DA:38,6
DA:40,2
DA:41,8
DA:42,4
DA:43,4
DA:49,20
DA:50,6
DA:53,3
DA:55,6
DA:61,5
DA:63,5
DA:65,5
LF:25
LH:25
end_of_record
SF:lib/components/navigation/bloqo_nav_bar.dart
DA:6,11
DA:15,11
DA:17,11
DA:18,11
DA:19,11
DA:20,7
DA:21,14
DA:23,11
DA:24,22
DA:25,22
DA:26,22
DA:35,11
DA:36,11
DA:40,11
DA:42,11
DA:46,11
DA:48,11
DA:52,11
DA:54,11
DA:58,11
DA:60,11
DA:64,11
LF:22
LH:22
end_of_record
SF:lib/components/notifications/bloqo_course_enrollment_accepted_notification.dart
DA:15,1
DA:24,1
DA:25,1
DA:30,1
DA:32,1
DA:33,1
DA:34,1
DA:35,1
DA:36,1
DA:39,3
DA:41,1
DA:42,2
DA:43,1
DA:44,1
DA:45,2
DA:49,0
DA:50,0
DA:51,0
DA:52,0
DA:54,0
DA:55,0
DA:60,0
DA:61,0
DA:63,0
DA:65,0
DA:66,0
DA:68,0
DA:70,0
DA:72,0
DA:73,0
DA:74,0
DA:79,0
DA:81,0
DA:83,0
DA:85,0
DA:86,0
DA:89,0
DA:90,0
DA:91,0
DA:92,0
DA:96,0
DA:97,0
DA:98,0
DA:102,0
DA:103,0
DA:104,0
DA:110,0
DA:112,0
DA:114,0
DA:117,0
DA:118,0
DA:119,0
DA:120,0
DA:121,0
DA:126,0
DA:143,0
DA:144,0
DA:146,0
DA:147,0
DA:157,1
DA:163,1
DA:164,0
DA:170,1
DA:175,0
DA:179,0
DA:181,0
DA:182,0
DA:185,0
DA:187,0
DA:188,0
DA:189,0
DA:191,0
DA:192,0
DA:193,0
DA:194,0
DA:196,0
DA:197,0
DA:202,0
DA:203,0
DA:204,0
DA:209,0
DA:210,0
DA:216,0
LF:83
LH:18
end_of_record
SF:lib/components/notifications/bloqo_course_enrollment_request_notification.dart
DA:22,3
DA:31,3
DA:32,3
DA:37,3
DA:39,3
DA:40,3
DA:41,3
DA:42,3
DA:43,3
DA:46,9
DA:47,9
DA:49,3
DA:50,6
DA:51,3
DA:52,3
DA:53,6
DA:57,2
DA:58,4
DA:59,0
DA:60,0
DA:62,0
DA:63,0
DA:68,4
DA:69,4
DA:70,2
DA:72,2
DA:74,2
DA:75,2
DA:77,2
DA:79,2
DA:81,2
DA:82,2
DA:83,4
DA:88,2
DA:90,2
DA:92,2
DA:94,2
DA:95,2
DA:98,2
DA:99,2
DA:100,2
DA:101,8
DA:105,2
DA:106,2
DA:107,8
DA:111,2
DA:112,2
DA:113,8
DA:119,2
DA:121,2
DA:123,2
DA:126,2
DA:127,2
DA:128,4
DA:129,0
DA:130,0
DA:132,0
DA:133,0
DA:134,0
DA:135,0
DA:138,0
DA:141,0
DA:142,0
DA:143,0
DA:146,0
DA:147,0
DA:150,2
DA:154,2
DA:155,4
DA:156,1
DA:157,1
DA:159,1
DA:160,1
DA:161,1
DA:162,1
DA:163,1
DA:164,2
DA:165,3
DA:168,2
DA:171,2
DA:188,0
DA:189,0
DA:191,0
DA:192,0
DA:202,3
DA:209,3
DA:210,2
DA:215,2
DA:220,2
DA:223,2
DA:225,2
DA:226,1
DA:227,0
DA:231,0
DA:237,0
DA:239,0
DA:240,0
DA:244,0
DA:247,0
DA:250,0
DA:252,0
DA:255,0
DA:257,0
DA:258,0
DA:260,0
DA:261,0
DA:262,0
DA:263,0
DA:265,0
DA:270,0
DA:271,0
DA:272,0
DA:274,0
DA:275,0
DA:276,0
DA:277,0
DA:279,0
DA:280,0
DA:285,1
DA:289,2
DA:291,1
DA:292,1
DA:295,3
DA:297,1
DA:298,2
DA:299,3
DA:301,0
DA:302,0
DA:303,0
DA:304,0
DA:306,0
DA:307,0
DA:312,2
DA:313,4
DA:314,0
DA:319,2
DA:320,0
DA:326,2
LF:138
LH:84
end_of_record
SF:lib/utils/uuid.dart
DA:3,4
DA:4,4
LF:2
LH:2
end_of_record
SF:lib/components/notifications/bloqo_new_course_published_notification.dart
DA:15,1
DA:24,1
DA:25,1
DA:30,1
DA:32,1
DA:33,1
DA:34,1
DA:35,1
DA:36,1
DA:39,3
DA:41,1
DA:42,2
DA:43,1
DA:44,1
DA:45,2
DA:49,0
DA:50,0
DA:51,0
DA:52,0
DA:54,0
DA:55,0
DA:60,0
DA:61,0
DA:63,0
DA:65,0
DA:66,0
DA:68,0
DA:70,0
DA:72,0
DA:73,0
DA:74,0
DA:79,0
DA:81,0
DA:83,0
DA:85,0
DA:86,0
DA:89,0
DA:90,0
DA:91,0
DA:92,0
DA:96,0
DA:97,0
DA:98,0
DA:102,0
DA:103,0
DA:104,0
DA:110,0
DA:112,0
DA:114,0
DA:117,0
DA:118,0
DA:119,0
DA:120,0
DA:121,0
DA:126,0
DA:143,0
DA:144,0
DA:146,0
DA:147,0
DA:157,1
DA:163,1
DA:164,0
DA:170,1
DA:175,0
DA:179,0
DA:181,0
DA:182,0
DA:185,0
DA:187,0
DA:188,0
DA:189,0
DA:191,0
DA:192,0
DA:193,0
DA:194,0
DA:196,0
DA:197,0
DA:202,0
DA:203,0
DA:204,0
DA:209,0
DA:210,0
DA:216,0
LF:83
LH:18
end_of_record
SF:lib/components/quiz/bloqo_multiple_choice_quiz.dart
DA:10,1
DA:17,1
DA:18,1
DA:28,1
DA:30,1
DA:31,1
DA:34,1
DA:36,1
DA:39,1
DA:41,1
DA:42,1
DA:44,4
DA:45,4
DA:46,4
DA:48,2
DA:50,1
DA:52,1
DA:53,1
DA:55,1
DA:57,1
DA:58,1
DA:59,1
DA:60,4
DA:61,2
DA:66,1
DA:67,1
DA:68,1
DA:70,1
DA:72,1
DA:73,3
DA:74,4
DA:75,5
DA:86,1
DA:88,1
DA:90,1
DA:91,1
DA:92,1
DA:94,4
DA:95,2
DA:102,1
DA:104,1
DA:105,1
DA:107,2
DA:111,1
DA:112,1
DA:114,1
DA:116,1
DA:118,2
DA:119,1
DA:120,1
DA:121,2
DA:122,1
DA:123,1
DA:130,2
DA:131,1
DA:133,1
DA:134,1
DA:135,2
DA:136,1
DA:137,1
DA:138,2
DA:142,1
DA:144,1
DA:145,1
DA:146,4
DA:147,2
DA:162,1
DA:163,1
DA:164,1
DA:166,2
DA:172,1
DA:173,1
DA:174,1
DA:175,5
DA:178,1
DA:179,1
DA:180,1
DA:181,5
DA:184,1
DA:185,1
DA:186,2
DA:187,1
DA:188,1
DA:190,1
DA:191,2
DA:192,2
DA:193,1
DA:194,1
DA:198,1
DA:202,1
DA:203,1
DA:204,2
DA:205,1
DA:206,1
DA:207,2
DA:208,2
DA:209,2
DA:210,1
DA:211,2
DA:213,0
DA:215,1
DA:219,1
DA:223,1
DA:224,2
DA:225,4
DA:227,4
DA:228,4
DA:229,1
DA:231,3
DA:232,1
DA:233,1
DA:234,1
DA:235,2
DA:236,1
DA:238,3
DA:239,2
LF:116
LH:115
end_of_record
SF:lib/components/quiz/bloqo_open_question_quiz.dart
DA:12,1
DA:19,1
DA:20,1
DA:29,1
DA:31,1
DA:32,2
DA:35,1
DA:37,2
DA:38,1
DA:41,1
DA:43,1
DA:44,1
DA:46,4
DA:47,4
DA:48,4
DA:50,1
DA:52,1
DA:54,1
DA:55,1
DA:57,1
DA:59,1
DA:60,1
DA:61,1
DA:62,4
DA:63,2
DA:68,3
DA:69,1
DA:70,1
DA:72,1
DA:74,1
DA:75,3
DA:76,4
DA:77,5
DA:88,1
DA:90,1
DA:92,1
DA:93,1
DA:95,4
DA:96,2
DA:102,1
DA:104,1
DA:106,1
DA:107,1
DA:108,1
DA:110,1
DA:112,1
DA:114,1
DA:115,1
DA:117,1
DA:125,1
DA:127,1
DA:128,1
DA:129,1
DA:130,1
DA:131,1
DA:138,2
DA:139,1
DA:141,1
DA:142,1
DA:143,2
DA:144,1
DA:145,1
DA:146,2
DA:150,1
DA:152,1
DA:153,1
DA:154,4
DA:155,2
DA:167,1
DA:168,1
DA:169,1
DA:172,2
DA:178,1
DA:179,1
DA:180,1
DA:183,1
DA:190,1
DA:191,1
DA:192,1
DA:193,1
DA:197,1
DA:202,3
DA:203,1
DA:204,1
DA:208,3
DA:209,1
DA:210,1
DA:213,1
DA:216,1
DA:218,2
DA:219,2
DA:220,1
DA:222,1
DA:225,3
DA:226,1
DA:227,1
DA:228,1
DA:229,2
DA:230,1
DA:232,3
DA:233,2
LF:101
LH:101
end_of_record
SF:lib/pages/main/main_page.dart
DA:23,126
DA:25,10
DA:26,10
DA:46,10
DA:48,10
DA:49,30
DA:52,10
DA:54,10
DA:55,10
DA:58,10
DA:60,20
DA:61,20
DA:62,20
DA:63,20
DA:64,10
DA:67,10
DA:68,20
DA:69,20
DA:71,11
DA:72,11
DA:74,30
DA:75,20
DA:78,20
DA:79,3
DA:80,6
DA:84,10
DA:85,10
DA:87,20
DA:88,10
DA:90,10
DA:91,10
DA:92,20
DA:93,10
DA:101,6
DA:102,6
DA:105,7
DA:106,14
DA:107,6
DA:110,6
DA:112,2
DA:113,0
DA:115,2
DA:116,10
DA:118,1
DA:119,0
DA:121,1
DA:122,5
DA:124,0
DA:125,0
DA:129,14
DA:130,7
DA:132,14
DA:134,7
DA:137,7
DA:138,14
DA:139,7
DA:141,7
DA:144,7
DA:145,14
DA:146,21
DA:147,14
DA:148,35
DA:153,7
DA:154,14
DA:155,7
DA:156,7
DA:158,19
DA:161,0
DA:163,0
DA:166,10
DA:169,10
DA:170,10
DA:171,10
DA:172,10
DA:173,10
DA:174,40
DA:176,7
DA:177,6
DA:179,7
DA:180,6
DA:182,5
DA:183,8
DA:185,2
DA:186,4
DA:193,10
DA:194,10
DA:195,10
DA:196,10
DA:197,10
DA:202,2
DA:203,10
DA:204,2
DA:207,2
DA:208,4
DA:209,2
DA:210,4
DA:211,0
DA:212,0
DA:213,0
DA:220,10
DA:222,10
DA:223,10
DA:224,10
DA:226,10
DA:227,10
DA:228,10
DA:229,10
DA:231,10
DA:240,10
DA:241,10
DA:242,50
DA:243,58
DA:244,62
DA:245,62
DA:246,54
DA:250,10
DA:251,10
DA:253,10
DA:254,10
DA:255,10
DA:258,10
DA:259,20
DA:268,10
DA:270,10
DA:271,30
DA:272,40
DA:276,6
DA:278,6
DA:279,6
DA:282,10
DA:284,10
DA:285,10
DA:288,0
DA:290,0
DA:291,0
DA:294,0
DA:296,0
DA:297,0
LF:138
LH:123
end_of_record
SF:lib/pages/welcome/welcome_page.dart
DA:29,84
DA:33,11
DA:34,11
DA:45,11
DA:47,11
DA:48,22
DA:49,22
DA:52,11
DA:54,22
DA:55,22
DA:56,11
DA:59,11
DA:61,11
DA:62,11
DA:63,11
DA:65,11
DA:67,11
DA:68,11
DA:69,11
DA:71,11
DA:72,11
DA:79,11
DA:87,11
DA:90,11
DA:91,11
DA:93,11
DA:94,11
DA:95,11
DA:96,11
DA:98,44
DA:99,22
DA:102,11
DA:103,11
DA:105,11
DA:106,11
DA:107,11
DA:108,11
DA:109,11
DA:111,18
DA:115,11
DA:116,11
DA:118,11
DA:119,11
DA:120,11
DA:121,11
DA:122,11
DA:127,11
DA:129,11
DA:130,9
DA:131,9
DA:134,18
DA:135,18
DA:137,22
DA:138,11
DA:147,11
DA:149,11
DA:150,11
DA:151,11
DA:152,44
DA:153,22
DA:157,11
DA:159,11
DA:160,2
DA:161,2
DA:163,2
DA:164,2
DA:168,22
DA:169,11
DA:183,9
DA:184,18
DA:187,9
DA:188,9
DA:191,9
DA:199,9
DA:204,9
DA:205,9
DA:206,0
DA:207,0
DA:213,9
DA:216,9
DA:219,9
DA:221,9
DA:222,9
DA:223,9
DA:225,18
DA:227,18
DA:228,9
DA:231,1
DA:232,1
DA:233,2
DA:234,1
DA:236,1
DA:237,1
LF:93
LH:91
end_of_record
SF:lib/style/themes/bloqo_theme.dart
DA:13,2
DA:15,2
DA:16,2
DA:17,2
DA:18,2
DA:20,0
DA:25,2
DA:26,2
DA:28,4
DA:29,4
DA:30,2
DA:31,2
DA:32,2
DA:33,2
DA:41,4
DA:42,6
DA:56,1
DA:57,1
DA:59,1
DA:60,1
DA:61,1
DA:62,1
DA:64,0
DA:68,1
DA:69,1
DA:70,1
DA:72,2
DA:73,1
DA:74,2
DA:75,1
DA:77,1
DA:78,1
LF:32
LH:30
end_of_record
SF:lib/style/themes/purple_orchid_theme.dart
DA:13,47
DA:14,47
DA:15,94
DA:36,11
DA:39,11
DA:70,11
DA:74,22
DA:83,11
DA:84,11
DA:85,11
DA:89,22
DA:93,22
DA:98,11
DA:102,11
DA:103,22
DA:105,22
DA:109,11
DA:111,22
DA:114,22
DA:115,22
DA:116,11
DA:117,1
DA:118,1
DA:119,2
DA:125,11
DA:126,1
DA:127,1
DA:128,2
DA:130,2
DA:134,11
DA:135,0
DA:136,0
DA:137,0
DA:143,11
DA:144,0
DA:145,0
DA:146,0
DA:148,0
DA:153,22
DA:154,22
DA:155,12
DA:159,14
DA:160,14
DA:161,12
DA:162,12
DA:164,22
DA:165,12
DA:169,14
DA:170,14
DA:171,12
DA:172,12
DA:174,11
DA:175,11
DA:176,11
DA:177,22
DA:180,11
DA:182,11
DA:187,11
DA:188,22
DA:189,11
DA:190,11
DA:191,11
DA:192,22
DA:195,11
DA:197,11
DA:200,11
DA:201,14
DA:204,11
DA:205,11
DA:206,0
DA:207,0
DA:208,0
DA:212,0
DA:213,0
DA:219,11
DA:220,11
DA:222,11
DA:223,22
DA:224,22
DA:225,22
DA:229,22
DA:233,11
DA:234,11
DA:235,22
LF:84
LH:72
end_of_record
SF:lib/utils/auth.dart
DA:4,0
DA:8,0
DA:10,0
DA:15,0
DA:20,9
DA:27,9
DA:31,1
DA:32,1
DA:33,1
DA:34,0
DA:36,1
DA:37,1
DA:39,0
DA:40,0
DA:44,1
DA:49,1
DA:50,0
DA:51,0
DA:52,0
DA:53,0
DA:55,0
DA:57,0
DA:58,0
LF:23
LH:9
end_of_record
SF:lib/utils/bloqo_startup_information.dart
DA:18,11
LF:1
LH:1
end_of_record
SF:lib/utils/shared_preferences.dart
DA:12,0
DA:13,0
DA:14,0
DA:15,0
DA:18,0
DA:19,0
DA:20,0
DA:24,0
DA:25,0
DA:26,0
DA:29,0
DA:30,0
DA:31,0
DA:34,0
DA:35,0
DA:36,0
DA:37,0
DA:40,0
DA:44,0
DA:45,0
DA:46,0
DA:47,0
DA:48,0
DA:49,0
DA:52,0
DA:53,0
DA:54,0
DA:55,0
DA:56,0
DA:57,0
LF:30
LH:0
end_of_record
SF:lib/utils/firebase_options.dart
DA:18,0
DA:22,0
DA:23,0
DA:25,0
DA:27,0
DA:29,0
DA:30,0
DA:34,0
DA:35,0
DA:40,0
LF:10
LH:0
end_of_record
SF:lib/model/courses/published_courses/bloqo_sorting_option.dart
DA:14,3
DA:16,3
DA:17,3
DA:18,3
DA:19,3
DA:20,3
DA:21,3
DA:22,3
DA:23,3
DA:24,3
DA:25,3
DA:26,3
DA:27,3
DA:28,3
DA:29,3
DA:31,0
DA:36,3
DA:38,3
DA:40,6
DA:41,6
DA:42,3
DA:43,3
DA:44,3
DA:45,3
DA:52,6
DA:54,3
DA:55,3
DA:56,3
LF:28
LH:27
end_of_record
SF:lib/model/courses/tags/bloqo_course_tag.dart
DA:13,0
DA:27,5
DA:28,5
DA:31,5
DA:32,10
DA:33,10
DA:34,5
DA:35,5
DA:36,5
DA:37,5
DA:44,25
DA:46,4
DA:47,8
DA:48,8
DA:49,4
DA:50,4
DA:51,4
DA:52,4
DA:59,20
DA:61,4
DA:62,8
DA:63,8
DA:64,4
DA:65,4
DA:66,4
DA:67,4
DA:75,4
DA:76,8
DA:77,8
DA:78,4
DA:79,4
DA:80,4
DA:81,4
DA:89,4
DA:90,8
DA:91,8
DA:92,4
DA:93,4
DA:94,4
DA:95,4
DA:104,0
DA:108,8
DA:110,4
DA:111,4
DA:112,4
LF:45
LH:43
end_of_record
SF:lib/pages/from_any/notifications_page.dart
DA:16,2
DA:23,2
DA:24,2
DA:32,2
DA:34,2
DA:35,2
DA:36,2
DA:37,2
DA:38,2
DA:39,2
DA:40,2
DA:42,2
DA:43,1
DA:44,2
DA:45,1
DA:46,0
DA:51,2
DA:52,2
DA:53,4
DA:54,2
DA:55,4
DA:56,2
DA:57,2
DA:58,4
DA:62,2
DA:63,4
DA:64,4
DA:65,1
DA:66,1
DA:67,1
DA:68,4
DA:69,2
DA:74,2
DA:75,2
DA:76,4
DA:77,2
DA:78,4
DA:79,6
DA:80,2
DA:82,1
DA:83,2
DA:84,2
DA:85,1
DA:90,0
DA:91,0
DA:93,0
DA:94,0
DA:95,0
DA:96,0
DA:101,0
DA:102,0
DA:104,0
DA:105,0
DA:106,0
DA:107,0
DA:112,0
DA:118,0
DA:119,0
DA:121,0
DA:122,0
DA:133,2
LF:61
LH:43
end_of_record
SF:lib/pages/from_search/course_search_page.dart
DA:39,1
DA:66,1
DA:67,1
DA:81,1
DA:83,1
DA:84,3
DA:87,1
DA:89,1
DA:90,1
DA:91,1
DA:92,1
DA:94,1
DA:95,4
DA:96,1
DA:99,0
DA:100,0
DA:101,0
DA:105,0
DA:106,0
DA:107,0
DA:111,1
DA:112,3
DA:115,0
DA:116,0
DA:117,0
DA:121,1
DA:123,3
DA:125,1
DA:127,1
DA:128,1
DA:129,1
DA:131,7
DA:132,1
DA:133,2
DA:134,6
DA:137,1
DA:139,1
DA:140,1
DA:141,1
DA:142,1
DA:143,1
DA:145,1
DA:147,1
DA:148,3
DA:149,4
DA:151,2
DA:161,1
DA:163,1
DA:166,1
DA:167,1
DA:168,1
DA:169,1
DA:170,1
DA:171,1
DA:172,4
DA:173,2
DA:177,1
DA:178,3
DA:179,2
DA:180,1
DA:181,1
DA:184,3
DA:191,1
DA:192,2
DA:193,2
DA:195,2
DA:205,1
DA:206,1
DA:207,1
DA:209,1
DA:210,1
DA:212,1
DA:213,1
DA:216,1
DA:218,1
DA:219,1
DA:220,3
DA:221,1
DA:222,2
DA:228,1
DA:230,1
DA:231,1
DA:232,2
DA:233,1
DA:235,1
DA:236,1
DA:238,2
DA:241,1
DA:242,3
DA:243,1
DA:244,3
DA:245,4
DA:246,1
DA:254,1
DA:255,1
DA:257,1
DA:259,7
DA:260,1
DA:261,3
DA:262,4
DA:264,2
DA:272,1
DA:274,1
DA:276,1
DA:277,1
DA:278,3
DA:279,1
DA:280,2
DA:286,1
DA:288,1
DA:289,1
DA:291,1
DA:292,1
DA:293,3
DA:294,1
DA:295,3
DA:297,1
DA:298,1
DA:300,1
DA:301,1
DA:303,1
DA:306,1
DA:307,1
DA:308,3
DA:310,1
DA:311,1
DA:312,1
DA:313,1
DA:314,2
DA:323,1
DA:325,1
DA:326,1
DA:327,1
DA:329,1
DA:330,1
DA:332,1
DA:333,1
DA:334,1
DA:335,1
DA:336,2
DA:345,1
DA:347,3
DA:348,1
DA:350,1
DA:352,1
DA:353,1
DA:354,1
DA:356,1
DA:357,1
DA:358,4
DA:359,2
DA:370,4
DA:371,2
DA:372,1
DA:373,5
DA:374,1
DA:375,5
DA:376,1
DA:381,0
DA:385,1
DA:387,1
DA:390,1
DA:391,1
DA:393,1
DA:395,1
DA:396,0
DA:397,0
DA:399,1
DA:400,1
DA:401,1
DA:402,1
DA:403,1
DA:404,2
DA:409,1
DA:411,2
DA:425,0
DA:426,0
DA:428,0
DA:431,0
DA:432,0
DA:434,0
DA:436,0
DA:437,0
DA:438,0
DA:440,0
DA:441,0
DA:442,0
DA:443,0
DA:444,0
DA:445,0
DA:450,0
DA:452,0
DA:471,1
DA:473,1
DA:476,1
DA:477,1
DA:479,1
DA:480,1
DA:481,4
DA:482,2
DA:488,1
DA:489,1
DA:491,2
DA:492,1
DA:493,4
DA:494,4
DA:495,2
DA:500,0
DA:502,0
DA:503,0
DA:509,1
DA:511,1
DA:512,2
DA:513,2
DA:515,2
DA:522,1
DA:523,6
DA:524,4
DA:525,2
DA:536,1
DA:538,3
DA:539,1
DA:541,1
DA:542,1
DA:543,1
DA:544,1
DA:546,1
DA:547,1
DA:548,4
DA:549,2
DA:558,0
DA:559,0
DA:561,0
DA:563,0
DA:564,0
DA:565,0
DA:566,0
DA:567,0
DA:568,0
DA:576,0
DA:578,0
DA:579,0
DA:580,0
DA:581,0
DA:582,0
DA:583,0
DA:584,0
DA:585,0
DA:591,0
DA:593,0
DA:594,0
DA:602,1
DA:605,1
DA:608,1
DA:609,1
DA:611,1
DA:612,1
DA:613,2
DA:614,5
DA:616,1
DA:617,1
DA:618,1
DA:619,1
DA:620,2
DA:624,1
DA:625,2
DA:626,6
DA:628,1
DA:629,1
DA:630,1
DA:631,1
DA:632,2
DA:651,1
DA:659,1
DA:660,7
DA:661,1
DA:664,1
DA:665,1
DA:666,1
DA:669,3
DA:670,1
DA:671,3
DA:675,5
DA:676,1
DA:681,0
DA:682,0
DA:685,0
DA:686,0
DA:687,0
DA:689,0
DA:690,0
DA:693,0
DA:694,0
DA:699,1
DA:700,6
DA:701,1
DA:704,1
DA:705,1
DA:706,3
DA:707,7
DA:710,2
DA:711,1
DA:716,0
DA:719,0
DA:720,0
DA:721,0
DA:723,0
DA:724,0
DA:726,0
DA:727,0
DA:734,1
DA:737,1
DA:738,1
DA:739,1
DA:741,1
DA:742,1
DA:743,1
DA:744,1
DA:747,3
DA:748,1
DA:751,2
DA:754,2
DA:755,1
DA:771,1
DA:774,1
DA:777,2
DA:779,1
DA:780,1
DA:781,1
DA:784,1
DA:786,1
DA:791,1
DA:793,1
DA:794,1
DA:799,1
DA:800,1
DA:801,1
DA:802,1
DA:804,1
DA:806,1
DA:808,0
DA:810,1
DA:811,3
DA:812,1
DA:817,1
DA:818,2
DA:819,3
DA:820,0
DA:821,0
DA:822,0
DA:823,0
DA:825,0
DA:826,0
DA:831,1
DA:833,2
DA:836,1
DA:838,1
DA:839,1
DA:844,2
DA:845,2
DA:847,1
DA:848,0
DA:849,0
DA:850,0
DA:852,0
DA:853,0
DA:856,1
DA:862,1
DA:863,1
DA:865,1
DA:866,2
DA:867,1
DA:872,1
DA:873,2
DA:874,2
DA:875,2
DA:876,3
DA:880,0
DA:881,0
DA:882,0
DA:883,0
DA:885,0
DA:886,0
DA:891,1
DA:892,2
DA:894,1
DA:895,1
DA:896,1
DA:901,1
DA:902,2
DA:903,3
DA:904,1
DA:905,2
DA:906,2
DA:910,0
DA:911,0
DA:912,0
DA:913,0
DA:915,0
DA:916,0
DA:921,1
DA:928,2
DA:930,1
DA:931,1
DA:938,1
DA:939,1
DA:941,1
DA:942,1
DA:946,1
DA:951,1
DA:952,2
DA:953,2
DA:954,3
DA:956,2
DA:957,1
DA:961,1
DA:962,2
DA:963,1
DA:965,1
DA:966,1
DA:969,0
DA:970,0
DA:971,0
DA:972,0
DA:974,0
DA:975,0
LF:426
LH:326
end_of_record
SF:lib/pages/from_editor/edit_chapter_page.dart
DA:27,2
DA:36,2
DA:37,2
DA:50,2
DA:52,2
DA:53,4
DA:54,4
DA:57,2
DA:59,4
DA:60,4
DA:61,2
DA:64,2
DA:66,2
DA:67,2
DA:68,2
DA:69,2
DA:71,2
DA:73,2
DA:74,2
DA:75,2
DA:76,6
DA:77,8
DA:78,2
DA:79,6
DA:80,2
DA:81,0
DA:83,2
DA:85,2
DA:86,2
DA:88,2
DA:89,4
DA:90,2
DA:91,2
DA:93,2
DA:94,2
DA:95,2
DA:97,2
DA:98,2
DA:99,2
DA:100,2
DA:101,2
DA:102,2
DA:103,2
DA:104,2
DA:105,2
DA:110,2
DA:111,2
DA:112,2
DA:113,2
DA:114,2
DA:115,2
DA:116,2
DA:122,2
DA:123,2
DA:124,2
DA:125,2
DA:127,2
DA:129,2
DA:130,2
DA:131,8
DA:132,4
DA:138,2
DA:139,2
DA:141,2
DA:142,2
DA:143,8
DA:144,4
DA:149,2
DA:150,2
DA:152,2
DA:153,2
DA:154,2
DA:155,2
DA:156,6
DA:157,0
DA:162,0
DA:163,0
DA:168,2
DA:174,2
DA:175,16
DA:183,2
DA:185,2
DA:186,4
DA:187,2
DA:188,4
DA:190,2
DA:196,2
DA:197,4
DA:198,6
DA:200,4
DA:201,0
DA:202,0
DA:203,0
DA:204,0
DA:206,0
DA:207,0
DA:211,2
DA:224,2
DA:226,2
DA:227,4
DA:230,0
DA:231,0
DA:233,0
DA:239,0
DA:240,0
DA:241,0
DA:243,0
DA:244,0
DA:245,0
DA:246,0
DA:247,0
DA:249,0
DA:250,0
DA:254,2
DA:265,2
DA:268,2
DA:269,2
DA:271,2
DA:273,2
DA:276,6
DA:279,2
DA:280,4
DA:282,4
DA:283,2
DA:284,10
DA:286,2
DA:292,2
DA:293,2
DA:296,2
DA:297,2
DA:298,6
DA:299,4
DA:300,0
DA:302,6
DA:304,2
DA:306,2
DA:312,2
DA:313,6
LF:138
LH:114
end_of_record
SF:lib/pages/from_editor/edit_section_page.dart
DA:31,2
DA:42,2
DA:43,2
DA:54,2
DA:56,2
DA:57,4
DA:60,2
DA:62,4
DA:63,2
DA:66,2
DA:68,2
DA:69,2
DA:70,2
DA:71,2
DA:73,2
DA:75,2
DA:76,2
DA:77,2
DA:78,6
DA:79,10
DA:80,8
DA:81,2
DA:82,6
DA:83,2
DA:85,2
DA:86,2
DA:88,2
DA:89,4
DA:90,2
DA:91,2
DA:92,2
DA:94,2
DA:95,2
DA:96,2
DA:98,2
DA:99,2
DA:100,2
DA:101,2
DA:102,2
DA:103,2
DA:104,2
DA:105,2
DA:106,2
DA:111,2
DA:112,2
DA:113,2
DA:114,2
DA:116,2
DA:118,2
DA:119,2
DA:120,8
DA:121,4
DA:127,2
DA:128,2
DA:130,2
DA:131,2
DA:132,8
DA:133,4
DA:138,2
DA:139,2
DA:141,2
DA:142,2
DA:143,2
DA:144,2
DA:145,6
DA:146,0
DA:152,0
DA:153,0
DA:154,0
DA:155,0
DA:156,0
DA:157,0
DA:164,2
DA:171,2
DA:172,2
DA:173,4
DA:174,2
DA:175,2
DA:176,2
DA:186,2
DA:188,2
DA:189,4
DA:190,2
DA:191,4
DA:192,4
DA:193,4
DA:195,2
DA:196,2
DA:197,2
DA:198,2
DA:205,2
DA:206,2
DA:207,4
DA:209,2
DA:216,2
DA:217,4
DA:218,6
DA:220,4
DA:221,0
DA:222,0
DA:223,0
DA:224,0
DA:226,0
DA:227,0
DA:231,1
DA:232,2
DA:234,1
DA:241,1
DA:242,2
DA:243,3
DA:245,2
DA:246,0
DA:247,0
DA:248,0
DA:249,0
DA:251,0
DA:252,0
DA:256,1
DA:257,2
DA:259,1
DA:266,1
DA:267,2
DA:268,3
DA:270,2
DA:271,0
DA:272,0
DA:273,0
DA:274,0
DA:276,0
DA:277,0
DA:282,2
DA:295,2
DA:297,2
DA:298,4
DA:301,0
DA:302,0
DA:304,0
DA:310,0
DA:311,0
DA:312,0
DA:314,0
DA:315,0
DA:316,0
DA:317,0
DA:318,0
DA:320,0
DA:321,0
DA:325,2
DA:336,2
DA:339,2
DA:340,2
DA:342,2
DA:344,2
DA:348,6
DA:351,2
DA:352,6
DA:354,2
DA:355,10
DA:357,2
DA:363,2
DA:364,2
DA:367,2
DA:368,2
DA:370,2
DA:372,6
DA:373,4
DA:374,0
DA:377,2
DA:383,2
DA:384,8
DA:387,2
DA:389,2
DA:390,12
DA:392,1
DA:393,6
DA:395,1
DA:396,6
LF:177
LH:138
end_of_record
SF:lib/pages/from_editor/edit_course_page.dart
DA:26,3
DA:33,3
DA:34,3
DA:47,3
DA:49,3
DA:50,6
DA:51,6
DA:54,3
DA:56,6
DA:57,6
DA:58,3
DA:61,3
DA:63,3
DA:64,3
DA:65,3
DA:66,3
DA:68,3
DA:70,3
DA:71,3
DA:72,3
DA:73,3
DA:74,3
DA:75,9
DA:76,3
DA:77,3
DA:79,3
DA:81,3
DA:82,3
DA:84,3
DA:85,6
DA:86,3
DA:88,3
DA:89,3
DA:90,3
DA:92,3
DA:93,3
DA:94,3
DA:95,3
DA:96,3
DA:97,3
DA:98,3
DA:99,3
DA:100,3
DA:105,3
DA:106,3
DA:107,3
DA:108,3
DA:109,3
DA:110,3
DA:111,3
DA:117,3
DA:118,3
DA:119,3
DA:120,3
DA:122,3
DA:124,3
DA:125,3
DA:126,12
DA:127,6
DA:133,6
DA:134,2
DA:136,2
DA:137,2
DA:138,8
DA:139,4
DA:144,6
DA:145,3
DA:147,3
DA:148,6
DA:149,3
DA:150,3
DA:151,12
DA:152,0
DA:156,0
DA:157,0
DA:162,3
DA:167,2
DA:168,14
DA:176,3
DA:178,3
DA:179,6
DA:180,2
DA:181,4
DA:182,6
DA:184,2
DA:189,2
DA:190,4
DA:191,6
DA:193,4
DA:194,0
DA:195,0
DA:196,0
DA:197,0
DA:199,0
DA:200,0
DA:205,3
DA:218,3
DA:220,3
DA:221,6
DA:224,1
DA:225,2
DA:227,1
DA:232,1
DA:233,2
DA:234,3
DA:236,2
DA:237,0
DA:238,0
DA:239,0
DA:240,0
DA:242,0
DA:243,0
DA:247,3
DA:258,3
DA:261,2
DA:262,2
DA:264,2
DA:266,2
DA:269,6
DA:272,2
DA:273,2
DA:274,8
DA:275,2
DA:278,2
DA:279,2
DA:280,6
DA:281,4
DA:282,0
DA:284,6
DA:286,2
DA:287,10
DA:289,4
DA:291,2
DA:293,2
DA:299,2
DA:305,2
DA:306,6
DA:307,6
LF:138
LH:122
end_of_record
SF:lib/pages/from_editor/edit_multimedia_block_page.dart
DA:37,1
DA:52,1
DA:53,1
DA:67,1
DA:69,1
DA:70,2
DA:71,2
DA:74,1
DA:75,2
DA:78,1
DA:80,3
DA:81,2
DA:82,2
DA:83,1
DA:86,1
DA:88,1
DA:89,1
DA:90,1
DA:91,1
DA:93,1
DA:95,1
DA:96,1
DA:97,1
DA:98,3
DA:99,5
DA:100,6
DA:101,1
DA:102,2
DA:103,0
DA:104,0
DA:105,0
DA:107,1
DA:108,3
DA:109,3
DA:111,1
DA:113,1
DA:114,1
DA:116,1
DA:117,2
DA:118,1
DA:119,1
DA:120,1
DA:121,1
DA:123,1
DA:124,1
DA:125,1
DA:127,1
DA:128,1
DA:130,1
DA:132,1
DA:133,1
DA:134,1
DA:136,1
DA:138,1
DA:139,1
DA:140,4
DA:141,2
DA:147,1
DA:148,1
DA:149,1
DA:150,1
DA:152,1
DA:153,1
DA:154,1
DA:155,1
DA:157,1
DA:158,1
DA:159,1
DA:161,7
DA:175,1
DA:177,1
DA:178,1
DA:179,9
DA:180,1
DA:181,1
DA:182,1
DA:184,1
DA:186,1
DA:187,1
DA:188,4
DA:189,2
DA:195,1
DA:197,1
DA:198,2
DA:201,1
DA:202,1
DA:205,2
DA:206,3
DA:209,1
DA:210,1
DA:211,5
DA:212,1
DA:213,2
DA:216,1
DA:222,9
DA:223,1
DA:224,1
DA:225,1
DA:227,1
DA:229,1
DA:230,1
DA:231,4
DA:232,2
DA:238,1
DA:240,1
DA:241,2
DA:244,1
DA:245,1
DA:248,2
DA:249,3
DA:252,1
DA:253,1
DA:254,5
DA:255,1
DA:256,2
DA:259,1
DA:265,9
DA:266,1
DA:267,1
DA:268,1
DA:270,1
DA:272,1
DA:273,1
DA:274,4
DA:275,2
DA:281,1
DA:283,1
DA:284,2
DA:287,1
DA:288,1
DA:291,2
DA:292,3
DA:295,1
DA:296,1
DA:297,5
DA:298,1
DA:299,2
DA:302,1
DA:306,1
DA:308,1
DA:309,2
DA:310,1
DA:311,2
DA:312,1
DA:315,1
DA:324,5
DA:325,1
DA:327,1
DA:328,1
DA:329,1
DA:330,1
DA:331,1
DA:333,1
DA:335,1
DA:336,1
DA:337,4
DA:338,2
DA:344,1
DA:345,1
DA:346,1
DA:348,1
DA:349,1
DA:350,1
DA:351,1
DA:355,1
DA:357,1
DA:358,2
DA:359,1
DA:360,1
DA:363,2
DA:364,1
DA:365,1
DA:366,2
DA:369,1
DA:378,9
DA:379,1
DA:381,1
DA:382,1
DA:383,1
DA:385,1
DA:387,1
DA:388,1
DA:389,4
DA:390,2
DA:396,1
DA:398,1
DA:399,3
DA:403,1
DA:405,1
DA:406,2
DA:407,0
DA:408,0
DA:410,0
DA:411,0
DA:412,0
DA:413,0
DA:417,0
DA:418,0
DA:419,0
DA:423,0
DA:426,1
DA:433,9
DA:434,1
DA:436,1
DA:437,1
DA:438,1
DA:440,1
DA:442,1
DA:443,1
DA:444,4
DA:445,2
DA:451,1
DA:453,4
DA:456,1
DA:458,1
DA:459,2
DA:460,0
DA:461,0
DA:463,0
DA:464,0
DA:465,0
DA:466,0
DA:470,0
DA:471,0
DA:472,0
DA:476,0
DA:479,1
DA:486,9
DA:487,1
DA:489,5
DA:490,1
DA:491,1
DA:493,1
DA:495,1
DA:496,1
DA:497,4
DA:498,2
DA:504,5
DA:505,3
DA:506,5
DA:508,1
DA:510,1
DA:511,2
DA:512,0
DA:513,0
DA:515,0
DA:516,0
DA:517,0
DA:518,0
DA:519,0
DA:523,0
DA:524,0
DA:525,0
DA:527,0
DA:530,0
DA:531,0
DA:535,0
DA:538,1
DA:543,0
DA:557,1
DA:560,0
DA:561,0
DA:563,0
DA:564,0
DA:566,0
DA:568,0
DA:569,0
DA:571,0
DA:573,0
DA:579,0
DA:580,0
DA:581,0
DA:582,0
DA:583,0
DA:586,0
DA:592,0
DA:593,0
DA:594,0
DA:595,0
DA:596,0
DA:597,0
DA:598,0
DA:600,0
DA:601,0
DA:606,0
DA:607,0
DA:610,0
DA:612,0
DA:614,0
DA:616,0
DA:622,0
DA:623,0
DA:624,0
DA:625,0
DA:626,0
DA:629,0
DA:635,0
DA:636,0
DA:637,0
DA:638,0
DA:639,0
DA:640,0
DA:642,0
DA:643,0
DA:648,1
DA:649,1
DA:651,2
DA:652,2
DA:654,1
DA:656,1
DA:662,1
DA:663,6
DA:664,1
DA:666,1
DA:673,1
DA:680,1
DA:684,0
DA:686,0
DA:689,0
DA:690,0
DA:691,0
DA:692,0
DA:693,0
DA:697,0
DA:698,0
DA:700,0
DA:701,0
DA:709,0
DA:710,0
DA:712,0
DA:713,0
DA:715,0
DA:719,0
DA:720,0
DA:721,0
DA:722,0
DA:724,0
DA:725,0
DA:733,1
DA:734,1
DA:738,0
DA:740,0
DA:741,0
DA:746,0
DA:747,0
DA:750,0
DA:751,0
DA:753,0
DA:754,0
DA:762,0
DA:763,0
DA:765,0
DA:766,0
DA:769,0
DA:770,0
DA:771,0
DA:772,0
DA:774,0
DA:775,0
DA:783,1
DA:785,1
DA:789,0
DA:791,0
DA:792,0
DA:797,0
DA:798,0
DA:801,0
DA:802,0
DA:804,0
DA:805,0
DA:813,0
DA:814,0
DA:816,0
DA:818,0
DA:820,0
DA:821,0
DA:822,0
DA:823,0
DA:825,0
DA:826,0
DA:834,1
DA:836,2
DA:840,1
DA:842,1
DA:845,1
DA:846,1
DA:849,2
DA:850,2
DA:851,2
DA:853,1
DA:854,6
DA:855,1
DA:861,1
DA:862,1
DA:864,2
DA:866,2
DA:867,3
DA:870,0
DA:871,0
DA:872,0
DA:873,0
DA:875,0
DA:876,0
DA:881,1
DA:882,1
DA:883,1
DA:884,0
DA:887,1
DA:888,1
DA:889,1
LF:410
LH:261
end_of_record
SF:lib/utils/multimedia_uploader.dart
DA:10,0
DA:18,0
DA:22,0
DA:23,0
DA:24,0
DA:26,0
DA:30,0
DA:31,0
DA:37,0
DA:46,0
DA:49,0
DA:50,0
DA:51,0
DA:53,0
DA:57,0
DA:58,0
DA:63,0
DA:72,0
DA:75,0
DA:76,0
DA:77,0
DA:79,0
DA:83,0
DA:84,0
DA:89,0
DA:98,0
DA:101,0
DA:102,0
DA:103,0
DA:105,0
DA:109,0
DA:110,0
LF:32
LH:0
end_of_record
SF:lib/pages/from_editor/edit_quiz_block_page.dart
DA:30,1
DA:45,1
DA:46,1
DA:70,1
DA:72,1
DA:73,1
DA:74,1
DA:75,2
DA:76,2
DA:77,2
DA:78,2
DA:81,1
DA:82,3
DA:83,2
DA:87,0
DA:88,0
DA:89,0
DA:93,0
DA:94,0
DA:96,0
DA:97,0
DA:98,0
DA:99,0
DA:104,0
DA:105,0
DA:106,0
DA:109,0
DA:112,0
DA:113,0
DA:114,0
DA:118,1
DA:120,2
DA:121,1
DA:123,2
DA:124,2
DA:125,2
DA:126,3
DA:127,2
DA:128,1
DA:131,1
DA:133,1
DA:134,1
DA:135,1
DA:136,1
DA:138,1
DA:140,1
DA:141,1
DA:143,1
DA:144,3
DA:145,5
DA:146,6
DA:147,1
DA:149,2
DA:151,0
DA:152,0
DA:153,0
DA:155,0
DA:156,0
DA:157,0
DA:159,0
DA:160,0
DA:161,0
DA:165,0
DA:166,0
DA:167,0
DA:168,0
DA:169,0
DA:173,0
DA:174,0
DA:175,0
DA:178,0
DA:179,0
DA:180,0
DA:182,0
DA:183,0
DA:185,0
DA:188,0
DA:189,0
DA:191,0
DA:192,0
DA:194,0
DA:195,0
DA:197,0
DA:198,0
DA:204,1
DA:206,1
DA:207,3
DA:208,3
DA:210,1
DA:213,1
DA:215,1
DA:217,1
DA:218,2
DA:219,1
DA:220,1
DA:221,1
DA:222,1
DA:224,1
DA:225,1
DA:226,1
DA:228,1
DA:229,1
DA:231,1
DA:233,1
DA:234,1
DA:235,1
DA:237,1
DA:239,1
DA:240,1
DA:241,4
DA:242,2
DA:248,1
DA:249,1
DA:250,1
DA:251,1
DA:253,1
DA:254,1
DA:255,1
DA:256,1
DA:258,1
DA:259,1
DA:260,1
DA:262,7
DA:276,1
DA:277,1
DA:278,1
DA:279,4
DA:280,1
DA:281,1
DA:282,1
DA:284,1
DA:286,1
DA:287,1
DA:288,4
DA:289,2
DA:295,1
DA:296,1
DA:297,1
DA:298,1
DA:299,1
DA:300,1
DA:301,1
DA:307,1
DA:309,1
DA:311,1
DA:312,1
DA:313,4
DA:314,2
DA:320,2
DA:321,1
DA:323,1
DA:324,1
DA:325,4
DA:326,2
DA:331,2
DA:332,1
DA:334,1
DA:335,2
DA:336,1
DA:337,2
DA:338,2
DA:339,1
DA:342,1
DA:344,0
DA:345,2
DA:351,1
DA:353,1
DA:354,2
DA:355,2
DA:356,1
DA:361,1
DA:363,1
DA:364,2
DA:367,1
DA:368,1
DA:371,1
DA:372,1
DA:373,2
DA:376,1
DA:382,4
DA:383,1
DA:384,1
DA:385,1
DA:387,1
DA:389,1
DA:390,1
DA:391,4
DA:392,2
DA:398,1
DA:399,1
DA:400,1
DA:401,1
DA:402,1
DA:403,1
DA:404,1
DA:410,1
DA:412,1
DA:414,1
DA:415,1
DA:416,4
DA:417,2
DA:423,1
DA:424,1
DA:425,1
DA:426,1
DA:427,1
DA:428,1
DA:429,1
DA:435,1
DA:437,1
DA:439,1
DA:440,1
DA:441,1
DA:442,1
DA:443,1
DA:444,1
DA:445,4
DA:446,2
DA:452,1
DA:453,1
DA:458,1
DA:459,1
DA:460,1
DA:461,1
DA:462,1
DA:463,4
DA:464,2
DA:470,1
DA:471,1
DA:480,1
DA:482,1
DA:483,2
DA:486,1
DA:487,1
DA:490,1
DA:491,1
DA:492,2
DA:495,1
DA:516,1
DA:519,1
DA:520,2
DA:521,3
DA:522,3
DA:526,1
DA:527,2
DA:528,3
DA:529,2
DA:530,2
DA:534,1
DA:535,3
DA:536,0
DA:538,2
DA:539,0
DA:541,2
DA:542,2
DA:543,0
DA:547,2
DA:548,2
DA:553,0
DA:555,3
DA:557,4
DA:558,2
DA:559,2
DA:560,1
DA:561,3
DA:563,1
DA:566,1
DA:567,2
DA:570,1
DA:572,1
DA:573,2
DA:574,2
DA:576,1
DA:578,1
DA:581,1
DA:585,1
DA:586,6
DA:587,1
DA:589,1
DA:595,1
DA:596,2
DA:598,2
DA:599,3
DA:602,0
DA:603,0
DA:604,0
DA:605,0
DA:607,0
DA:608,0
DA:613,1
DA:614,3
DA:615,0
DA:617,3
DA:618,0
DA:620,3
DA:621,3
DA:622,3
DA:623,3
DA:624,1
DA:627,1
DA:628,2
DA:631,1
DA:633,1
DA:634,2
DA:635,2
DA:637,1
DA:639,1
DA:642,1
DA:646,1
DA:647,6
DA:648,1
DA:650,1
DA:656,1
DA:657,2
DA:659,2
DA:660,3
DA:663,0
DA:664,0
DA:665,0
DA:666,0
DA:668,0
DA:669,0
LF:322
LH:256
end_of_record
SF:lib/pages/from_editor/edit_text_block_page.dart
DA:28,2
DA:41,2
DA:42,2
DA:50,2
DA:52,2
DA:53,4
DA:54,10
DA:57,2
DA:59,4
DA:60,2
DA:63,2
DA:65,2
DA:66,2
DA:67,2
DA:68,2
DA:70,2
DA:72,2
DA:73,2
DA:74,2
DA:75,6
DA:76,10
DA:77,12
DA:78,2
DA:79,2
DA:81,2
DA:82,4
DA:83,2
DA:84,2
DA:85,2
DA:86,2
DA:88,2
DA:89,2
DA:90,2
DA:92,2
DA:93,2
DA:94,2
DA:95,2
DA:96,2
DA:97,2
DA:99,2
DA:101,2
DA:102,2
DA:103,8
DA:104,4
DA:110,2
DA:111,2
DA:112,2
DA:113,2
DA:114,2
DA:115,2
DA:116,2
DA:126,2
DA:127,2
DA:128,2
DA:129,2
DA:131,2
DA:133,2
DA:134,2
DA:135,8
DA:136,4
DA:142,2
DA:144,2
DA:145,4
DA:146,2
DA:158,2
DA:160,2
DA:161,4
DA:164,1
DA:165,2
DA:167,1
DA:169,1
DA:170,1
DA:173,1
DA:174,2
DA:175,3
DA:177,2
DA:178,0
DA:179,0
DA:180,0
DA:181,0
DA:183,0
DA:184,0
DA:188,2
DA:199,2
DA:202,1
DA:203,1
DA:205,3
DA:206,2
DA:208,1
DA:210,1
DA:216,1
DA:217,6
DA:218,1
DA:220,1
LF:94
LH:88
end_of_record
SF:lib/style/bloqo_style_sheet.dart
DA:9,2
DA:10,2
LF:2
LH:2
end_of_record
SF:lib/pages/from_editor/publish_course_page.dart
DA:36,1
DA:45,1
DA:46,1
DA:60,1
DA:62,1
DA:63,2
DA:64,2
DA:65,2
DA:66,2
DA:67,2
DA:68,2
DA:71,1
DA:73,2
DA:74,2
DA:75,2
DA:76,2
DA:77,2
DA:78,2
DA:79,1
DA:82,1
DA:84,1
DA:86,1
DA:87,1
DA:88,1
DA:90,1
DA:91,1
DA:92,1
DA:93,1
DA:94,1
DA:96,8
DA:97,1
DA:99,1
DA:101,1
DA:103,1
DA:104,1
DA:105,1
DA:106,1
DA:108,1
DA:109,1
DA:110,1
DA:112,1
DA:113,1
DA:114,4
DA:115,2
DA:121,1
DA:123,1
DA:124,1
DA:125,4
DA:126,2
DA:130,1
DA:132,1
DA:134,1
DA:137,1
DA:138,1
DA:139,1
DA:140,4
DA:142,2
DA:145,1
DA:148,1
DA:149,1
DA:150,1
DA:152,1
DA:153,1
DA:154,4
DA:155,2
DA:161,1
DA:162,1
DA:171,1
DA:172,1
DA:174,1
DA:177,1
DA:178,1
DA:179,1
DA:180,4
DA:182,2
DA:185,1
DA:187,1
DA:189,1
DA:198,1
DA:199,1
DA:200,1
DA:201,1
DA:202,1
DA:204,1
DA:205,1
DA:206,1
DA:208,2
DA:209,1
DA:220,1
DA:222,1
DA:224,1
DA:233,1
DA:234,1
DA:235,1
DA:236,1
DA:237,1
DA:239,1
DA:240,1
DA:241,1
DA:243,2
DA:244,1
DA:255,1
DA:257,1
DA:259,1
DA:268,1
DA:269,1
DA:270,1
DA:271,1
DA:272,1
DA:274,1
DA:275,1
DA:276,1
DA:278,2
DA:279,1
DA:290,1
DA:292,1
DA:294,1
DA:303,1
DA:304,1
DA:305,1
DA:306,1
DA:307,1
DA:309,1
DA:310,1
DA:311,1
DA:313,2
DA:314,1
DA:325,1
DA:327,1
DA:329,1
DA:338,1
DA:339,1
DA:340,1
DA:341,1
DA:342,1
DA:344,1
DA:345,1
DA:346,1
DA:348,2
DA:349,1
DA:369,1
DA:371,1
DA:372,2
DA:375,1
DA:376,1
DA:378,1
DA:379,1
DA:380,1
DA:381,2
DA:382,1
DA:389,2
DA:390,2
DA:393,1
DA:402,1
DA:405,1
DA:408,4
DA:409,4
DA:410,4
DA:411,4
DA:412,4
DA:413,2
DA:416,1
DA:418,1
DA:420,1
DA:422,1
DA:424,1
DA:428,6
DA:429,1
DA:430,1
DA:432,6
DA:433,1
DA:434,1
DA:436,6
DA:437,1
DA:438,1
DA:440,6
DA:441,1
DA:442,1
DA:444,6
DA:445,1
DA:446,1
DA:448,1
DA:449,1
DA:450,1
DA:451,1
DA:452,1
DA:453,1
DA:454,2
DA:455,1
DA:456,2
DA:457,2
DA:458,2
DA:459,2
DA:460,2
DA:461,1
DA:465,1
DA:467,1
DA:473,1
DA:476,1
DA:480,1
DA:482,1
DA:485,3
DA:486,1
DA:489,1
DA:490,1
DA:493,1
DA:499,1
DA:500,2
DA:501,1
DA:502,0
DA:503,0
DA:505,0
DA:506,0
DA:507,0
DA:508,0
DA:510,0
DA:517,1
DA:518,2
DA:519,2
DA:520,2
DA:521,3
DA:524,1
DA:525,1
DA:526,2
DA:527,1
DA:529,1
DA:530,1
LF:227
LH:220
end_of_record
SF:lib/pages/from_editor/view_statistics_page.dart
DA:23,1
DA:36,1
DA:37,1
DA:45,0
DA:46,0
DA:47,0
DA:51,1
DA:53,1
DA:54,1
DA:55,1
DA:56,1
DA:58,1
DA:60,1
DA:61,1
DA:63,1
DA:64,1
DA:65,1
DA:66,1
DA:67,1
DA:68,1
DA:70,1
DA:72,1
DA:73,3
DA:74,4
DA:76,2
DA:85,1
DA:87,1
DA:90,1
DA:91,1
DA:92,1
DA:93,1
DA:94,1
DA:95,1
DA:96,4
DA:97,2
DA:101,1
DA:102,3
DA:103,2
DA:104,0
DA:105,0
DA:112,1
DA:113,3
DA:114,2
DA:116,2
DA:125,1
DA:126,1
DA:128,1
DA:129,1
DA:130,1
DA:132,1
DA:134,1
DA:135,1
DA:136,4
DA:137,2
DA:143,1
DA:144,1
DA:145,1
DA:146,4
DA:147,4
DA:151,1
DA:152,1
DA:154,1
DA:155,1
DA:161,1
DA:163,1
DA:164,1
DA:166,1
DA:167,4
DA:168,4
DA:173,1
DA:174,1
DA:176,1
DA:177,1
DA:187,1
DA:189,1
DA:192,1
DA:193,1
DA:195,1
DA:196,1
DA:197,4
DA:198,2
DA:204,1
DA:205,1
DA:206,1
DA:207,5
DA:208,4
DA:209,2
DA:215,1
DA:217,1
DA:218,3
DA:219,2
DA:221,2
DA:228,1
DA:229,6
DA:230,4
DA:231,2
DA:241,1
DA:243,3
DA:244,1
DA:246,1
DA:247,1
DA:248,1
DA:249,1
DA:251,1
DA:252,1
DA:253,4
DA:254,2
DA:263,0
DA:264,0
DA:266,0
DA:268,0
DA:269,0
DA:270,0
DA:271,0
DA:272,0
DA:273,0
DA:281,0
DA:283,0
DA:284,0
DA:285,0
DA:286,0
DA:287,0
DA:288,0
DA:289,0
DA:290,0
DA:296,0
DA:297,0
DA:298,0
DA:299,0
DA:306,1
DA:309,1
DA:312,1
DA:313,1
DA:314,1
DA:315,2
DA:316,6
DA:318,1
DA:319,1
DA:320,1
DA:321,1
DA:322,2
DA:339,1
DA:342,0
DA:343,0
DA:345,0
DA:347,0
DA:350,0
DA:352,0
DA:355,0
DA:357,0
DA:358,0
DA:359,0
DA:360,0
DA:361,0
DA:362,0
DA:368,0
DA:369,0
DA:370,0
DA:371,0
DA:373,0
DA:374,0
LF:161
LH:115
end_of_record
SF:lib/pages/from_learn/course_content_page.dart
DA:36,2
DA:48,2
DA:49,2
DA:57,2
DA:59,2
DA:60,2
DA:61,2
DA:62,2
DA:65,2
DA:66,4
DA:67,4
DA:68,6
DA:72,2
DA:75,0
DA:76,0
DA:77,0
DA:81,0
DA:82,0
DA:83,0
DA:87,2
DA:88,4
DA:89,2
DA:92,2
DA:95,2
DA:97,2
DA:98,2
DA:100,2
DA:101,2
DA:103,2
DA:104,2
DA:105,2
DA:106,2
DA:107,2
DA:108,2
DA:109,2
DA:111,2
DA:112,2
DA:113,4
DA:114,2
DA:116,2
DA:117,2
DA:118,2
DA:120,2
DA:121,2
DA:123,2
DA:124,2
DA:127,2
DA:129,2
DA:130,2
DA:131,6
DA:132,2
DA:133,4
DA:139,2
DA:141,2
DA:142,2
DA:143,4
DA:144,2
DA:146,2
DA:147,2
DA:149,4
DA:152,0
DA:153,0
DA:160,2
DA:162,2
DA:164,4
DA:165,2
DA:166,2
DA:167,8
DA:169,4
DA:176,2
DA:178,2
DA:180,2
DA:181,2
DA:183,2
DA:184,2
DA:185,2
DA:186,2
DA:187,4
DA:193,2
DA:195,2
DA:196,2
DA:198,2
DA:200,2
DA:201,2
DA:202,2
DA:203,2
DA:206,2
DA:210,2
DA:212,2
DA:214,2
DA:215,2
DA:217,2
DA:220,2
DA:221,2
DA:222,6
DA:224,2
DA:225,2
DA:226,2
DA:227,2
DA:228,4
DA:233,4
DA:234,0
DA:235,0
DA:236,0
DA:238,0
DA:239,0
DA:241,0
DA:243,0
DA:248,0
DA:250,0
DA:252,0
DA:259,2
DA:260,2
DA:261,2
DA:263,2
DA:264,2
DA:266,8
DA:268,4
DA:279,2
DA:281,2
DA:282,2
DA:283,2
DA:285,2
DA:286,2
DA:288,2
DA:289,2
DA:290,2
DA:291,2
DA:292,4
DA:301,2
DA:303,4
DA:304,2
DA:306,2
DA:308,2
DA:309,2
DA:310,2
DA:312,2
DA:313,2
DA:314,8
DA:315,4
DA:326,8
DA:327,4
DA:329,0
DA:330,0
DA:331,0
DA:332,0
DA:333,0
DA:336,0
DA:341,0
DA:346,0
DA:347,0
DA:351,0
DA:357,2
DA:359,2
DA:368,6
DA:369,2
DA:370,6
DA:371,4
DA:372,10
DA:374,2
DA:376,2
DA:381,0
DA:382,0
DA:386,0
DA:395,2
DA:397,2
DA:400,2
DA:401,2
DA:403,2
DA:405,2
DA:406,0
DA:407,0
DA:409,2
DA:410,2
DA:411,2
DA:412,2
DA:413,2
DA:414,4
DA:419,2
DA:421,4
DA:433,0
DA:434,0
DA:436,0
DA:439,0
DA:440,0
DA:442,0
DA:444,0
DA:445,0
DA:446,0
DA:448,0
DA:449,0
DA:450,0
DA:451,0
DA:452,0
DA:453,0
DA:458,0
DA:460,0
DA:478,2
DA:481,2
DA:484,2
DA:485,2
DA:487,2
DA:488,10
DA:489,8
DA:490,4
DA:498,2
DA:500,2
DA:501,4
DA:502,0
DA:503,0
DA:505,0
DA:506,0
DA:507,0
DA:508,0
DA:511,0
DA:512,0
DA:515,0
DA:518,2
DA:526,0
DA:529,0
DA:530,0
DA:532,0
DA:533,0
DA:534,0
DA:535,0
DA:540,0
DA:541,0
DA:542,0
DA:543,0
DA:545,0
DA:546,0
DA:547,0
DA:548,0
DA:551,0
DA:552,0
DA:555,0
DA:558,0
DA:576,4
DA:577,2
DA:585,2
DA:586,2
DA:587,2
DA:588,2
DA:590,2
DA:591,2
DA:592,4
DA:593,2
DA:594,4
DA:604,2
DA:607,2
DA:608,0
DA:609,0
DA:612,0
DA:613,0
DA:616,4
DA:617,4
DA:618,0
DA:626,0
DA:637,2
DA:640,0
DA:642,0
DA:644,0
DA:645,0
DA:646,0
DA:651,0
DA:652,0
DA:658,0
DA:659,0
DA:660,0
DA:661,0
DA:666,0
DA:667,0
DA:668,0
DA:669,0
DA:670,0
DA:673,0
DA:674,0
DA:675,0
DA:676,0
DA:678,0
DA:679,0
DA:684,0
DA:686,0
DA:688,0
DA:690,0
DA:693,0
DA:695,0
DA:697,0
DA:699,0
DA:700,0
DA:702,0
DA:703,0
DA:704,0
DA:712,0
DA:713,0
DA:714,0
DA:715,0
DA:717,0
DA:718,0
DA:723,0
DA:724,0
DA:726,0
DA:727,0
DA:728,0
DA:729,0
DA:730,0
DA:731,0
DA:732,0
DA:733,0
DA:734,0
DA:736,0
DA:737,0
DA:738,0
DA:739,0
DA:741,0
DA:742,0
LF:316
LH:175
end_of_record
SF:lib/pages/from_learn/section_page.dart
DA:31,0
DA:46,0
DA:47,0
DA:52,0
DA:54,0
DA:55,0
DA:56,0
DA:57,0
DA:59,0
DA:61,0
DA:63,0
DA:64,0
DA:66,0
DA:67,0
DA:68,0
DA:69,0
DA:71,0
DA:72,0
DA:73,0
DA:74,0
DA:75,0
DA:77,0
DA:78,0
DA:79,0
DA:80,0
DA:81,0
DA:82,0
DA:84,0
DA:85,0
DA:86,0
DA:87,0
DA:88,0
DA:90,0
DA:92,0
DA:93,0
DA:94,0
DA:95,0
DA:105,0
DA:106,0
DA:109,0
DA:110,0
DA:111,0
DA:113,0
DA:114,0
DA:122,0
DA:123,0
DA:125,0
DA:126,0
DA:127,0
DA:129,0
DA:136,0
DA:137,0
DA:140,0
DA:141,0
DA:142,0
DA:143,0
DA:144,0
DA:145,0
DA:147,0
DA:148,0
DA:151,0
DA:155,0
DA:156,0
DA:158,0
DA:159,0
DA:160,0
DA:169,0
DA:170,0
DA:172,0
DA:173,0
DA:174,0
DA:189,0
DA:191,0
DA:193,0
DA:194,0
DA:195,0
DA:198,0
DA:200,0
DA:201,0
DA:203,0
DA:204,0
DA:222,0
DA:225,0
DA:228,0
DA:232,0
DA:233,0
DA:234,0
DA:235,0
DA:236,0
DA:238,0
DA:240,0
DA:242,0
DA:245,0
DA:247,0
DA:249,0
DA:251,0
DA:252,0
DA:255,0
DA:258,0
DA:259,0
DA:262,0
DA:266,0
DA:268,0
DA:270,0
DA:272,0
DA:274,0
DA:276,0
DA:277,0
DA:280,0
DA:283,0
DA:284,0
DA:287,0
DA:292,0
DA:293,0
DA:295,0
DA:297,0
DA:298,0
DA:301,0
DA:302,0
DA:305,0
DA:306,0
DA:308,0
DA:312,0
DA:313,0
DA:319,0
DA:321,0
DA:322,0
DA:325,0
DA:326,0
DA:330,0
DA:332,0
DA:334,0
DA:335,0
DA:336,0
DA:337,0
DA:339,0
DA:340,0
DA:346,0
DA:349,0
DA:352,0
DA:354,0
DA:358,0
DA:361,0
DA:362,0
DA:365,0
DA:366,0
LF:146
LH:0
end_of_record
SF:lib/pages/from_search/qr_code_scan_page.dart
DA:22,0
DA:31,0
DA:32,0
DA:41,0
DA:43,0
DA:44,0
DA:46,0
DA:49,0
DA:51,0
DA:52,0
DA:53,0
DA:56,0
DA:58,0
DA:59,0
DA:63,0
DA:64,0
DA:67,0
DA:69,0
DA:70,0
DA:71,0
DA:72,0
DA:73,0
DA:74,0
DA:75,0
DA:76,0
DA:77,0
DA:86,0
DA:89,0
DA:90,0
DA:91,0
DA:92,0
DA:94,0
DA:95,0
DA:97,0
DA:98,0
DA:99,0
DA:101,0
DA:102,0
DA:103,0
DA:105,0
DA:108,0
DA:112,0
DA:114,0
DA:115,0
DA:117,0
DA:118,0
DA:119,0
DA:124,0
DA:127,0
DA:129,0
DA:132,0
DA:134,0
DA:135,0
DA:136,0
DA:139,0
DA:141,0
DA:143,0
DA:144,0
DA:147,0
DA:149,0
DA:150,0
DA:151,0
DA:152,0
DA:153,0
DA:154,0
DA:160,0
DA:164,0
DA:165,0
DA:166,0
DA:167,0
DA:169,0
DA:170,0
DA:173,0
DA:177,0
DA:179,0
DA:180,0
DA:182,0
DA:183,0
DA:184,0
DA:189,0
DA:194,0
DA:195,0
DA:196,0
DA:197,0
DA:198,0
DA:199,0
DA:204,0
DA:205,0
DA:206,0
DA:207,0
DA:209,0
DA:210,0
DA:213,0
DA:219,0
DA:223,0
DA:225,0
DA:226,0
LF:97
LH:0
end_of_record
SF:lib/pages/from_search/search_results_page.dart
DA:27,3
DA:38,3
DA:39,3
DA:48,3
DA:50,3
DA:51,3
DA:52,3
DA:53,3
DA:55,3
DA:56,6
DA:57,3
DA:58,3
DA:59,3
DA:63,0
DA:64,0
DA:65,0
DA:69,3
DA:71,3
DA:72,3
DA:73,3
DA:74,3
DA:75,3
DA:77,3
DA:79,3
DA:80,3
DA:81,3
DA:83,3
DA:84,3
DA:85,12
DA:86,6
DA:94,9
DA:95,3
DA:97,3
DA:99,3
DA:100,3
DA:101,3
DA:110,15
DA:111,9
DA:112,0
DA:113,3
DA:114,9
DA:115,3
DA:117,1
DA:118,1
DA:127,15
DA:128,0
DA:130,0
DA:132,0
DA:133,0
DA:139,0
DA:141,0
DA:145,0
DA:146,0
DA:147,0
DA:148,0
DA:149,0
DA:150,0
DA:151,0
DA:153,0
DA:154,0
DA:163,0
DA:164,0
DA:166,0
DA:168,0
DA:169,0
DA:176,0
DA:177,0
DA:179,0
DA:181,0
DA:182,0
DA:183,0
DA:184,0
DA:185,0
DA:189,0
DA:191,0
DA:192,0
DA:193,0
DA:194,0
DA:213,3
DA:216,1
DA:218,2
DA:220,1
DA:221,1
DA:224,1
DA:226,1
DA:229,1
DA:231,1
DA:232,2
DA:233,1
DA:236,6
DA:238,1
DA:240,1
DA:243,1
DA:245,1
DA:246,2
DA:247,0
DA:250,0
DA:254,1
DA:255,1
DA:256,1
DA:257,1
DA:260,1
DA:261,1
DA:264,1
DA:265,2
DA:266,4
DA:267,2
DA:268,2
DA:275,1
DA:276,1
DA:280,0
DA:281,0
DA:282,0
DA:283,0
DA:285,0
DA:286,0
LF:116
LH:71
end_of_record
SF:lib/pages/from_user/setting_page.dart
DA:23,1
DA:40,1
DA:41,1
DA:45,1
DA:47,1
DA:48,1
DA:49,1
DA:50,1
DA:52,1
DA:54,1
DA:57,1
DA:58,1
DA:59,1
DA:61,1
DA:62,1
DA:63,1
DA:65,1
DA:66,1
DA:67,1
DA:68,1
DA:69,2
DA:70,4
DA:71,2
DA:80,1
DA:82,1
DA:83,1
DA:84,1
DA:85,1
DA:86,2
DA:87,4
DA:88,2
DA:95,1
DA:96,1
DA:97,1
DA:98,3
DA:99,2
DA:100,5
DA:103,3
DA:112,1
DA:113,1
DA:114,1
DA:115,1
DA:117,1
DA:118,2
DA:119,1
DA:120,2
DA:122,1
DA:124,2
DA:125,2
DA:127,1
DA:128,2
DA:129,3
DA:131,2
DA:132,0
DA:133,0
DA:134,0
DA:135,0
DA:137,0
DA:138,0
DA:142,1
DA:155,1
DA:158,1
DA:163,1
DA:164,1
DA:167,1
DA:168,2
DA:169,2
DA:170,1
DA:173,0
DA:176,1
DA:177,1
DA:179,1
DA:180,1
DA:181,1
DA:182,3
DA:184,2
DA:185,3
DA:186,1
DA:188,1
DA:189,1
DA:191,1
DA:192,0
DA:195,2
DA:197,1
DA:198,1
DA:199,1
DA:202,0
DA:206,1
DA:208,2
DA:209,2
DA:211,1
DA:212,5
DA:213,8
DA:215,1
DA:216,5
DA:218,1
DA:219,0
DA:220,0
DA:223,1
DA:224,2
DA:226,2
DA:232,0
DA:233,0
DA:234,0
DA:235,0
DA:237,0
DA:241,3
DA:243,2
LF:108
LH:92
end_of_record
SF:lib/pages/main/editor_page.dart
DA:37,10
DA:46,5
DA:47,5
DA:59,5
DA:61,5
DA:62,10
DA:66,8
DA:67,5
DA:68,5
DA:69,5
DA:70,5
DA:72,15
DA:73,10
DA:76,10
DA:79,5
DA:81,10
DA:82,10
DA:83,5
DA:86,5
DA:87,5
DA:88,1
DA:89,1
DA:91,6
DA:96,5
DA:98,5
DA:99,5
DA:100,5
DA:101,5
DA:103,5
DA:104,10
DA:105,5
DA:106,5
DA:107,5
DA:108,5
DA:113,0
DA:114,0
DA:115,0
DA:119,0
DA:120,0
DA:121,0
DA:125,5
DA:127,5
DA:128,5
DA:129,5
DA:130,20
DA:131,20
DA:132,13
DA:133,5
DA:134,5
DA:135,5
DA:136,5
DA:137,5
DA:138,10
DA:139,10
DA:141,5
DA:144,5
DA:145,5
DA:146,5
DA:147,5
DA:148,5
DA:149,5
DA:150,5
DA:152,5
DA:153,5
DA:154,20
DA:155,10
DA:161,5
DA:162,5
DA:163,5
DA:164,5
DA:165,5
DA:167,5
DA:168,0
DA:170,0
DA:171,0
DA:172,0
DA:173,0
DA:174,0
DA:175,0
DA:177,0
DA:178,0
DA:184,0
DA:188,0
DA:191,0
DA:192,0
DA:199,0
DA:206,5
DA:207,5
DA:209,5
DA:217,15
DA:218,5
DA:219,0
DA:220,5
DA:221,5
DA:222,5
DA:224,0
DA:225,0
DA:232,4
DA:233,4
DA:240,15
DA:241,0
DA:243,0
DA:244,0
DA:246,5
DA:247,1
DA:249,1
DA:251,1
DA:252,1
DA:253,1
DA:254,4
DA:255,2
DA:259,1
DA:261,1
DA:262,0
DA:263,0
DA:265,2
DA:266,1
DA:280,5
DA:281,5
DA:282,5
DA:284,5
DA:285,5
DA:287,20
DA:288,10
DA:294,5
DA:295,5
DA:296,5
DA:298,5
DA:299,0
DA:301,0
DA:302,0
DA:303,0
DA:304,0
DA:305,0
DA:306,0
DA:308,0
DA:309,0
DA:315,0
DA:316,0
DA:318,0
DA:319,0
DA:321,0
DA:322,0
DA:327,0
DA:330,0
DA:331,0
DA:337,0
DA:338,0
DA:340,0
DA:341,0
DA:343,0
DA:344,0
DA:352,5
DA:353,1
DA:355,1
DA:363,3
DA:364,1
DA:365,0
DA:366,1
DA:367,1
DA:368,1
DA:370,1
DA:371,1
DA:378,1
DA:379,1
DA:381,1
DA:382,1
DA:384,1
DA:385,1
DA:392,15
DA:393,0
DA:395,0
DA:396,0
DA:398,5
DA:399,5
DA:401,5
DA:403,5
DA:404,5
DA:405,5
DA:406,20
DA:407,10
DA:411,5
DA:413,5
DA:414,0
DA:415,10
DA:416,5
DA:431,5
DA:433,5
DA:434,10
DA:435,2
DA:436,2
DA:438,5
DA:451,5
DA:454,2
DA:455,4
DA:457,2
DA:459,2
DA:462,4
DA:465,2
DA:471,2
DA:473,2
DA:475,4
DA:477,8
DA:479,12
DA:481,0
DA:483,0
DA:485,0
DA:487,0
DA:488,0
DA:494,1
DA:495,2
DA:497,1
DA:498,3
DA:499,2
DA:500,6
DA:502,0
DA:504,0
DA:507,0
DA:509,0
DA:512,0
DA:514,0
DA:515,0
DA:516,0
DA:517,0
DA:520,0
DA:522,0
DA:523,0
DA:524,0
DA:527,0
DA:529,0
DA:532,0
DA:533,0
DA:534,0
DA:535,0
DA:537,0
DA:538,0
DA:539,0
DA:540,0
DA:542,0
DA:543,0
DA:548,1
DA:550,1
DA:552,1
DA:553,1
DA:554,1
DA:556,1
DA:558,1
DA:559,2
DA:560,1
DA:562,1
DA:563,6
DA:565,1
DA:568,1
DA:569,2
DA:571,1
DA:572,2
DA:573,2
DA:574,1
DA:575,2
DA:576,4
DA:579,2
DA:580,2
DA:583,0
DA:584,0
DA:585,0
DA:586,0
DA:588,0
DA:589,0
DA:594,1
DA:595,1
DA:596,1
DA:598,1
DA:599,1
DA:600,2
DA:601,1
DA:602,2
DA:604,1
DA:605,2
DA:606,1
DA:607,1
DA:610,1
DA:611,1
DA:613,1
DA:614,2
DA:615,2
DA:617,0
DA:618,0
DA:619,0
DA:620,0
DA:622,0
DA:623,0
DA:630,1
DA:631,2
DA:633,1
DA:634,2
DA:635,1
DA:636,2
DA:637,3
DA:638,1
DA:639,1
DA:640,2
DA:641,1
DA:643,0
DA:644,0
DA:645,0
DA:646,0
DA:648,0
DA:649,0
LF:308
LH:203
end_of_record
SF:lib/pages/main/home_page.dart
DA:30,10
DA:39,10
DA:40,10
DA:50,10
DA:52,10
DA:53,10
DA:54,10
DA:55,10
DA:57,10
DA:58,20
DA:59,10
DA:60,10
DA:61,10
DA:62,10
DA:67,0
DA:68,0
DA:69,0
DA:73,0
DA:74,0
DA:75,0
DA:79,10
DA:81,10
DA:82,10
DA:86,10
DA:88,10
DA:89,10
DA:90,10
DA:92,10
DA:94,10
DA:95,10
DA:96,40
DA:97,20
DA:104,10
DA:105,10
DA:106,11
DA:107,38
DA:108,14
DA:109,10
DA:110,10
DA:112,10
DA:114,10
DA:115,10
DA:116,9
DA:118,9
DA:120,9
DA:121,9
DA:122,9
DA:123,9
DA:124,36
DA:128,18
DA:136,10
DA:137,0
DA:139,0
DA:140,0
DA:141,0
DA:142,0
DA:143,0
DA:146,0
DA:147,0
DA:154,10
DA:155,9
DA:156,18
DA:164,27
DA:165,9
DA:166,0
DA:167,9
DA:168,9
DA:169,9
DA:172,1
DA:173,1
DA:183,30
DA:184,0
DA:187,0
DA:189,0
DA:190,0
DA:194,10
DA:195,2
DA:197,2
DA:199,2
DA:200,2
DA:201,2
DA:202,8
DA:203,4
DA:207,2
DA:209,2
DA:210,0
DA:211,4
DA:212,2
DA:225,10
DA:226,10
DA:228,10
DA:230,10
DA:231,10
DA:233,40
DA:234,20
DA:241,10
DA:242,10
DA:243,11
DA:244,38
DA:245,18
DA:246,10
DA:247,10
DA:249,10
DA:251,10
DA:252,10
DA:253,9
DA:255,9
DA:257,9
DA:258,9
DA:259,9
DA:260,9
DA:261,36
DA:262,18
DA:273,10
DA:274,0
DA:276,0
DA:277,0
DA:278,0
DA:279,0
DA:280,0
DA:282,0
DA:283,0
DA:290,10
DA:291,9
DA:292,18
DA:300,27
DA:301,9
DA:302,0
DA:303,9
DA:304,9
DA:305,9
DA:307,1
DA:308,1
DA:314,30
DA:315,0
DA:318,0
DA:320,0
DA:321,0
DA:325,10
DA:326,2
DA:328,2
DA:330,2
DA:331,2
DA:332,2
DA:333,8
DA:334,4
DA:338,2
DA:340,2
DA:341,0
DA:342,4
DA:343,2
DA:363,10
DA:366,0
DA:367,0
DA:369,0
DA:371,0
DA:374,0
DA:377,0
DA:383,0
DA:385,0
DA:388,0
DA:390,0
DA:392,0
DA:393,0
DA:394,0
DA:396,0
DA:398,0
DA:399,0
DA:404,1
DA:405,2
DA:407,1
DA:409,0
DA:410,0
DA:411,0
DA:412,0
DA:414,1
DA:415,1
DA:418,1
DA:420,1
DA:423,1
DA:425,1
DA:426,1
DA:427,2
DA:428,1
DA:431,6
DA:433,1
DA:434,2
DA:435,1
DA:438,1
DA:440,2
DA:443,1
DA:444,1
DA:445,2
DA:446,3
DA:448,0
DA:449,0
DA:450,0
DA:451,0
DA:453,0
DA:454,0
DA:459,1
DA:460,2
DA:462,1
DA:464,0
DA:465,0
DA:466,0
DA:467,0
DA:469,1
DA:470,1
DA:473,1
DA:475,1
DA:478,1
DA:480,1
DA:481,2
DA:482,1
DA:485,6
DA:487,1
DA:489,1
DA:490,1
DA:495,1
DA:496,1
DA:497,1
DA:498,1
DA:500,2
DA:501,3
DA:503,0
DA:504,0
DA:505,0
DA:506,0
DA:508,0
DA:509,0
LF:231
LH:161
end_of_record
SF:lib/pages/main/learn_page.dart
DA:27,10
DA:36,3
DA:37,3
DA:49,3
DA:51,3
DA:52,6
DA:56,3
DA:57,3
DA:58,3
DA:59,3
DA:61,9
DA:62,6
DA:65,6
DA:68,3
DA:70,6
DA:71,6
DA:72,3
DA:75,3
DA:76,3
DA:77,2
DA:78,2
DA:79,2
DA:80,10
DA:81,2
DA:82,2
DA:84,2
DA:86,4
DA:89,6
DA:90,2
DA:91,4
DA:97,0
DA:98,0
DA:99,0
DA:106,3
DA:108,3
DA:109,3
DA:110,3
DA:111,3
DA:113,3
DA:114,6
DA:115,3
DA:116,3
DA:117,3
DA:118,3
DA:123,0
DA:124,0
DA:125,0
DA:129,0
DA:130,0
DA:131,0
DA:135,3
DA:137,3
DA:138,3
DA:139,3
DA:140,12
DA:141,12
DA:142,7
DA:143,3
DA:144,3
DA:145,3
DA:146,3
DA:147,3
DA:148,6
DA:149,6
DA:151,3
DA:154,3
DA:155,3
DA:156,3
DA:157,3
DA:158,3
DA:159,3
DA:160,3
DA:162,3
DA:163,3
DA:164,12
DA:165,6
DA:171,3
DA:172,3
DA:174,3
DA:175,3
DA:176,3
DA:177,0
DA:179,0
DA:180,0
DA:181,0
DA:182,0
DA:183,0
DA:184,0
DA:187,0
DA:188,0
DA:193,0
DA:196,0
DA:197,0
DA:205,3
DA:206,3
DA:214,9
DA:215,3
DA:216,0
DA:217,3
DA:218,3
DA:219,3
DA:222,0
DA:223,0
DA:233,9
DA:234,0
DA:236,0
DA:237,0
DA:240,3
DA:241,0
DA:243,0
DA:245,0
DA:246,0
DA:247,0
DA:248,0
DA:249,0
DA:253,0
DA:255,0
DA:256,0
DA:257,0
DA:258,0
DA:271,3
DA:272,3
DA:273,3
DA:275,3
DA:276,3
DA:278,12
DA:279,6
DA:285,3
DA:286,3
DA:287,3
DA:289,3
DA:290,0
DA:292,0
DA:293,0
DA:294,0
DA:295,0
DA:296,0
DA:297,0
DA:300,0
DA:301,0
DA:302,0
DA:307,0
DA:310,0
DA:312,0
DA:313,0
DA:324,3
DA:325,0
DA:333,0
DA:334,0
DA:335,0
DA:336,0
DA:337,0
DA:338,0
DA:341,0
DA:343,0
DA:344,0
DA:354,9
DA:355,0
DA:357,0
DA:358,0
DA:360,6
DA:361,0
DA:363,0
DA:365,0
DA:366,0
DA:367,0
DA:368,0
DA:369,0
DA:373,0
DA:375,0
DA:376,0
DA:377,0
DA:378,0
DA:385,6
DA:386,3
DA:388,3
DA:390,3
DA:391,3
DA:392,3
DA:393,12
DA:394,6
DA:398,3
DA:400,3
DA:401,0
DA:402,6
DA:403,3
DA:426,3
DA:429,0
DA:431,0
DA:434,0
DA:435,0
DA:436,0
DA:439,0
DA:443,0
DA:450,0
DA:452,0
DA:453,0
DA:454,0
DA:455,0
DA:456,0
DA:465,0
DA:468,0
DA:470,0
DA:473,0
DA:475,0
DA:476,0
DA:477,0
DA:480,0
DA:482,0
DA:485,0
DA:488,0
DA:493,0
DA:494,0
DA:495,0
DA:496,0
DA:500,0
DA:501,0
DA:502,0
DA:503,0
DA:509,0
DA:511,0
DA:512,0
DA:513,0
DA:515,0
DA:516,0
LF:225
LH:108
end_of_record
SF:lib/pages/main/search_page.dart
DA:30,10
DA:39,3
DA:40,3
DA:64,3
DA:66,3
DA:67,6
DA:68,6
DA:69,6
DA:70,6
DA:71,6
DA:72,6
DA:73,6
DA:74,6
DA:75,6
DA:76,6
DA:79,3
DA:81,6
DA:82,6
DA:83,6
DA:84,6
DA:85,6
DA:86,6
DA:87,6
DA:88,6
DA:89,6
DA:90,6
DA:91,3
DA:94,3
DA:96,3
DA:98,3
DA:99,3
DA:100,3
DA:102,3
DA:103,3
DA:104,3
DA:105,3
DA:106,3
DA:107,3
DA:109,3
DA:110,3
DA:112,3
DA:115,3
DA:116,3
DA:117,3
DA:118,3
DA:119,3
DA:121,3
DA:122,3
DA:123,12
DA:124,6
DA:130,3
DA:132,3
DA:133,3
DA:134,12
DA:135,6
DA:140,0
DA:141,0
DA:142,0
DA:144,0
DA:145,0
DA:146,0
DA:147,0
DA:148,0
DA:149,0
DA:150,0
DA:155,0
DA:157,0
DA:158,0
DA:159,0
DA:160,0
DA:161,0
DA:162,0
DA:163,0
DA:168,0
DA:170,0
DA:171,0
DA:172,0
DA:173,0
DA:174,0
DA:175,0
DA:176,0
DA:179,0
DA:181,0
DA:183,0
DA:184,0
DA:186,0
DA:189,0
DA:196,0
DA:198,0
DA:199,0
DA:200,0
DA:201,0
DA:202,0
DA:203,0
DA:204,0
DA:207,0
DA:209,0
DA:211,0
DA:212,0
DA:214,0
DA:217,0
DA:224,0
DA:226,0
DA:228,0
DA:231,0
DA:232,0
DA:233,0
DA:235,0
DA:236,0
DA:237,0
DA:238,0
DA:244,0
DA:245,0
DA:252,0
DA:254,0
DA:256,0
DA:259,0
DA:260,0
DA:261,0
DA:263,0
DA:264,0
DA:265,0
DA:266,0
DA:272,0
DA:273,0
DA:283,3
DA:285,3
DA:286,3
DA:287,3
DA:288,3
DA:289,3
DA:290,3
DA:292,3
DA:293,3
DA:294,3
DA:295,3
DA:296,3
DA:297,3
DA:298,3
DA:304,3
DA:305,3
DA:307,3
DA:308,3
DA:309,3
DA:310,3
DA:311,3
DA:312,3
DA:313,3
DA:321,3
DA:322,3
DA:323,3
DA:324,3
DA:326,3
DA:327,3
DA:328,3
DA:329,3
DA:330,3
DA:331,3
DA:332,3
DA:335,1
DA:336,3
DA:337,1
DA:339,0
DA:341,4
DA:348,3
DA:349,3
DA:351,3
DA:352,3
DA:353,3
DA:354,3
DA:355,3
DA:356,3
DA:357,3
DA:360,0
DA:361,0
DA:362,0
DA:364,0
DA:366,0
DA:375,3
DA:376,3
DA:377,3
DA:378,3
DA:380,3
DA:382,3
DA:385,3
DA:386,3
DA:387,3
DA:389,3
DA:390,3
DA:391,12
DA:392,6
DA:397,3
DA:398,3
DA:406,3
DA:407,3
DA:409,3
DA:411,3
DA:414,3
DA:415,3
DA:416,3
DA:418,3
DA:419,3
DA:420,12
DA:421,6
DA:426,3
DA:427,3
DA:442,3
DA:444,3
DA:446,3
DA:449,3
DA:450,3
DA:451,3
DA:452,12
DA:454,6
DA:457,3
DA:459,3
DA:461,3
DA:470,3
DA:471,3
DA:472,3
DA:473,3
DA:474,3
DA:476,3
DA:477,3
DA:478,3
DA:480,6
DA:481,3
DA:492,3
DA:494,3
DA:496,3
DA:505,3
DA:506,3
DA:507,3
DA:508,3
DA:509,3
DA:511,3
DA:512,3
DA:513,3
DA:515,6
DA:516,3
DA:527,3
DA:529,3
DA:531,3
DA:540,3
DA:541,3
DA:542,3
DA:543,3
DA:544,3
DA:546,3
DA:547,3
DA:548,3
DA:550,6
DA:551,3
DA:562,3
DA:564,3
DA:566,3
DA:575,3
DA:576,3
DA:577,3
DA:578,3
DA:579,3
DA:581,3
DA:582,3
DA:583,3
DA:585,6
DA:586,3
DA:597,3
DA:599,3
DA:601,3
DA:610,3
DA:611,3
DA:612,3
DA:613,3
DA:614,3
DA:616,3
DA:617,3
DA:618,3
DA:620,6
DA:621,3
DA:636,3
DA:637,3
DA:639,3
DA:642,3
DA:643,3
DA:645,3
DA:646,3
DA:647,12
DA:649,6
DA:653,3
DA:654,3
DA:655,3
DA:656,3
DA:658,3
DA:659,3
DA:660,3
DA:662,3
DA:663,6
DA:674,3
DA:676,3
DA:677,3
DA:678,6
DA:679,2
DA:680,3
DA:688,3
DA:691,3
DA:694,3
DA:695,3
DA:697,3
DA:699,3
DA:700,0
DA:701,0
DA:705,6
DA:707,3
DA:713,3
DA:715,3
DA:717,3
DA:718,6
DA:719,6
DA:720,3
DA:736,3
DA:739,1
DA:741,2
DA:742,2
DA:743,2
DA:744,2
DA:745,2
DA:747,2
DA:748,2
DA:750,3
DA:751,3
DA:752,3
DA:753,3
DA:754,3
DA:755,3
DA:760,1
DA:761,1
DA:762,1
DA:763,1
DA:764,1
DA:765,1
DA:767,1
DA:768,1
DA:769,1
DA:770,1
DA:775,0
DA:776,0
DA:777,0
DA:778,0
DA:779,0
DA:780,0
DA:785,3
DA:786,6
DA:788,3
DA:789,3
DA:790,3
DA:792,3
DA:793,6
DA:794,12
DA:795,6
DA:797,6
DA:798,0
DA:799,0
DA:800,0
DA:801,0
DA:803,0
DA:804,0
DA:809,3
DA:810,3
DA:811,6
DA:814,3
DA:815,3
DA:816,3
DA:817,3
DA:818,3
DA:819,3
DA:840,9
DA:841,0
DA:843,9
DA:844,0
DA:847,9
DA:848,4
DA:849,1
DA:851,9
DA:852,0
DA:853,0
DA:856,12
DA:858,6
DA:859,3
DA:861,6
DA:862,1
DA:866,21
DA:867,0
DA:868,0
DA:870,21
DA:871,0
DA:872,0
DA:874,21
DA:875,0
DA:876,0
DA:878,21
DA:879,0
DA:880,0
DA:882,21
DA:883,7
DA:884,2
DA:887,21
DA:889,0
DA:890,0
DA:892,0
DA:893,0
DA:894,0
DA:896,0
DA:897,0
DA:899,0
DA:900,0
DA:902,0
DA:903,0
DA:905,0
DA:906,0
DA:908,0
DA:909,0
DA:911,0
DA:912,0
DA:918,3
LF:424
LH:305
end_of_record
SF:lib/pages/main/user_page.dart
DA:37,10
DA:46,2
DA:47,2
DA:60,2
DA:62,2
DA:63,4
DA:64,4
DA:65,4
DA:68,2
DA:70,4
DA:71,4
DA:72,4
DA:73,2
DA:76,1
DA:77,2
DA:78,2
DA:79,6
DA:81,2
DA:85,2
DA:87,2
DA:88,2
DA:89,2
DA:91,4
DA:92,12
DA:94,4
DA:96,2
DA:97,4
DA:98,2
DA:100,2
DA:102,2
DA:103,2
DA:104,2
DA:105,2
DA:107,2
DA:108,2
DA:112,4
DA:113,4
DA:114,1
DA:115,1
DA:118,1
DA:121,1
DA:122,1
DA:126,2
DA:127,2
DA:128,2
DA:130,1
DA:131,3
DA:132,4
DA:133,1
DA:134,1
DA:135,1
DA:136,1
DA:137,1
DA:138,1
DA:139,1
DA:140,1
DA:141,1
DA:142,1
DA:144,1
DA:145,1
DA:150,1
DA:153,1
DA:154,1
DA:155,1
DA:156,1
DA:157,4
DA:163,1
DA:167,2
DA:172,2
DA:173,2
DA:174,2
DA:176,1
DA:177,4
DA:178,1
DA:179,1
DA:181,1
DA:182,1
DA:183,1
DA:184,1
DA:185,1
DA:186,1
DA:187,1
DA:189,1
DA:190,1
DA:191,8
DA:193,1
DA:194,1
DA:195,6
DA:197,2
DA:198,2
DA:200,1
DA:203,1
DA:204,1
DA:206,1
DA:207,1
DA:208,1
DA:211,1
DA:214,1
DA:215,1
DA:216,1
DA:219,1
DA:229,1
DA:230,1
DA:231,1
DA:233,2
DA:237,2
DA:238,1
DA:239,1
DA:241,1
DA:242,1
DA:243,1
DA:244,1
DA:249,2
DA:252,2
DA:253,2
DA:256,2
DA:267,1
DA:268,2
DA:270,1
DA:271,1
DA:272,1
DA:273,1
DA:274,0
DA:276,1
DA:277,2
DA:278,1
DA:280,0
DA:281,0
DA:283,0
DA:284,0
DA:286,0
DA:290,2
DA:293,1
DA:294,1
DA:297,0
DA:298,0
DA:299,0
DA:302,0
DA:303,0
DA:304,0
DA:305,0
DA:307,0
DA:308,0
DA:315,0
DA:316,0
DA:317,0
DA:318,0
DA:322,0
DA:323,0
DA:324,0
DA:325,0
DA:327,0
DA:328,0
LF:153
LH:128
end_of_record
SF:lib/utils/permissions.dart
DA:3,0
DA:4,0
DA:5,0
DA:9,0
DA:10,0
DA:11,0
DA:20,0
DA:21,0
DA:22,0
DA:26,0
DA:27,0
DA:28,0
LF:12
LH:0
end_of_record
SF:lib/pages/welcome/register_page.dart
DA:25,42
DA:29,2
DA:30,2
DA:44,2
DA:46,2
DA:47,4
DA:48,4
DA:49,4
DA:50,4
DA:53,2
DA:55,4
DA:56,4
DA:57,4
DA:58,4
DA:59,2
DA:62,2
DA:64,4
DA:65,2
DA:66,2
DA:67,2
DA:69,2
DA:71,2
DA:72,2
DA:73,2
DA:75,2
DA:76,2
DA:78,2
DA:80,8
DA:81,4
DA:86,2
DA:89,2
DA:91,2
DA:93,2
DA:95,2
DA:96,2
DA:98,2
DA:99,2
DA:101,8
DA:102,4
DA:107,2
DA:109,2
DA:110,2
DA:112,8
DA:113,4
DA:118,2
DA:119,2
DA:120,2
DA:121,2
DA:122,2
DA:123,2
DA:124,2
DA:126,2
DA:130,2
DA:131,2
DA:132,2
DA:133,2
DA:134,2
DA:135,2
DA:136,2
DA:138,2
DA:141,2
DA:142,2
DA:143,2
DA:144,2
DA:145,2
DA:146,2
DA:147,2
DA:149,2
DA:152,2
DA:153,2
DA:154,2
DA:155,2
DA:156,2
DA:157,2
DA:158,2
DA:160,2
DA:163,2
DA:166,2
DA:169,2
DA:170,2
DA:171,2
DA:172,2
DA:173,8
DA:174,4
DA:183,2
DA:186,2
DA:187,1
DA:188,1
DA:191,2
DA:192,2
DA:193,2
DA:194,2
DA:195,2
DA:197,4
DA:198,2
DA:201,2
DA:203,2
DA:204,2
DA:205,4
DA:206,1
DA:207,1
DA:208,1
DA:210,1
DA:211,1
DA:230,1
DA:233,2
DA:237,1
DA:238,1
DA:243,1
DA:244,1
DA:248,2
DA:249,1
DA:250,2
DA:251,2
DA:253,1
DA:254,1
DA:256,2
DA:257,2
DA:260,1
DA:262,1
DA:263,1
DA:265,2
DA:267,1
DA:269,1
DA:270,1
DA:275,2
DA:277,1
DA:279,1
DA:281,2
DA:283,1
DA:285,1
DA:286,1
LF:132
LH:132
end_of_record
SF:lib/style/bloqo_colors.dart
DA:5,47
LF:1
LH:1
end_of_record
SF:lib/style/themes/ocean_cornflower_theme.dart
DA:13,1
DA:14,1
DA:15,2
DA:36,1
DA:39,1
DA:40,1
DA:44,2
DA:46,1
DA:50,2
DA:52,1
DA:56,2
DA:58,1
DA:62,2
DA:64,1
DA:68,2
DA:70,1
DA:74,2
DA:76,1
DA:80,2
DA:82,1
DA:86,2
DA:90,1
DA:91,1
DA:92,1
DA:96,2
DA:100,2
DA:105,1
DA:109,1
DA:110,2
DA:112,2
DA:116,1
DA:118,2
DA:121,2
DA:122,2
DA:123,1
DA:124,0
DA:125,0
DA:126,0
DA:132,1
DA:133,0
DA:134,0
DA:135,0
DA:137,0
DA:141,1
DA:142,0
DA:143,0
DA:144,0
DA:150,1
DA:151,0
DA:152,0
DA:153,0
DA:155,0
DA:160,2
DA:161,2
DA:162,1
DA:166,1
DA:167,1
DA:168,1
DA:169,1
DA:171,2
DA:172,1
DA:176,1
DA:177,1
DA:178,1
DA:179,1
DA:181,1
DA:182,1
DA:183,1
DA:184,2
DA:187,1
DA:189,1
DA:194,1
DA:195,2
DA:196,1
DA:197,1
DA:198,1
DA:199,2
DA:202,1
DA:204,1
DA:207,1
DA:208,1
DA:211,1
DA:212,1
DA:213,0
DA:214,0
DA:215,0
DA:219,0
DA:220,0
DA:226,1
DA:227,1
DA:229,1
DA:230,2
DA:231,2
DA:232,2
DA:236,2
DA:240,1
DA:241,1
DA:242,2
LF:98
LH:79
end_of_record
